INFO:     Started server process [56903]
INFO:     Waiting for application startup.
INFO:     Application startup complete.
INFO:     Uvicorn running on http://0.0.0.0:8008 (Press CTRL+C to quit)
INFO:     127.0.0.1:59888 - "GET /api/v1/water/stats/today HTTP/1.1" 401 Unauthorized
INFO:     127.0.0.1:59888 - "GET /api/v1/meeting/stats/today HTTP/1.1" 401 Unauthorized
2026-04-12 12:09:49,383 INFO sqlalchemy.engine.Engine BEGIN (implicit)
2026-04-12 12:09:49,386 INFO sqlalchemy.engine.Engine SELECT count(*) AS count_1 
FROM (SELECT office.id AS office_id, office.name AS office_name, office.room_number AS office_room_number, office.description AS office_description, office.leader_name AS office_leader_name, office.leader_phone AS office_leader_phone, office.primary_admin_id AS office_primary_admin_id, office.water_user_count AS office_water_user_count, office.is_common AS office_is_common, office.is_active AS office_is_active, office.created_at AS office_created_at, office.updated_at AS office_updated_at 
FROM office 
WHERE office.is_active = 1) AS anon_1
2026-04-12 12:09:49,386 INFO sqlalchemy.engine.Engine [generated in 0.00018s] ()
2026-04-12 12:09:49,388 INFO sqlalchemy.engine.Engine SELECT office.id AS office_id, office.name AS office_name, office.room_number AS office_room_number, office.description AS office_description, office.leader_name AS office_leader_name, office.leader_phone AS office_leader_phone, office.primary_admin_id AS office_primary_admin_id, office.water_user_count AS office_water_user_count, office.is_common AS office_is_common, office.is_active AS office_is_active, office.created_at AS office_created_at, office.updated_at AS office_updated_at 
FROM office 
WHERE office.is_active = 1 ORDER BY office.name
 LIMIT ? OFFSET ?
2026-04-12 12:09:49,388 INFO sqlalchemy.engine.Engine [generated in 0.00012s] (20, 0)
INFO:     127.0.0.1:59888 - "GET /api/v1/system/offices HTTP/1.1" 200 OK
2026-04-12 12:09:49,389 INFO sqlalchemy.engine.Engine ROLLBACK
INFO:     127.0.0.1:59888 - "GET /api/v1/system/users HTTP/1.1" 401 Unauthorized
INFO:     127.0.0.1:59888 - "GET /api/v1/water/settlements/summary HTTP/1.1" 404 Not Found
INFO:     127.0.0.1:59888 - "GET /water/index.html HTTP/1.1" 200 OK
2026-04-12 12:09:52,457 INFO sqlalchemy.engine.Engine BEGIN (implicit)
2026-04-12 12:09:52,457 INFO sqlalchemy.engine.Engine SELECT id FROM token_blacklist WHERE token_jti = ?
2026-04-12 12:09:52,457 INFO sqlalchemy.engine.Engine [generated in 0.00026s] ('DPP1o7N_0cHBXSjvbd4_o5Dt5-o1TIaz6tzgeIgll28',)
2026-04-12 12:09:52,460 INFO sqlalchemy.engine.Engine SELECT users.id AS users_id, users.username AS users_username, users.name AS users_name, users.department AS users_department, users.role AS users_role, users.password_hash AS users_password_hash, users.balance_credit AS users_balance_credit, users.is_active AS users_is_active, users.user_type AS users_user_type, users.phone AS users_phone, users.email AS users_email, users.company AS users_company, users.last_login AS users_last_login, users.created_at AS users_created_at, users.updated_at AS users_updated_at 
FROM users 
WHERE users.id = ?
 LIMIT ? OFFSET ?
2026-04-12 12:09:52,460 INFO sqlalchemy.engine.Engine [generated in 0.00019s] (1, 1, 0)
2026-04-12 12:09:52,461 INFO sqlalchemy.engine.Engine BEGIN (implicit)
2026-04-12 12:09:52,461 INFO sqlalchemy.engine.Engine SELECT id FROM token_blacklist WHERE token_jti = ?
2026-04-12 12:09:52,461 INFO sqlalchemy.engine.Engine [cached since 0.004099s ago] ('DPP1o7N_0cHBXSjvbd4_o5Dt5-o1TIaz6tzgeIgll28',)
2026-04-12 12:09:52,463 INFO sqlalchemy.engine.Engine SELECT users.id AS users_id, users.username AS users_username, users.name AS users_name, users.department AS users_department, users.role AS users_role, users.password_hash AS users_password_hash, users.balance_credit AS users_balance_credit, users.is_active AS users_is_active, users.user_type AS users_user_type, users.phone AS users_phone, users.email AS users_email, users.company AS users_company, users.last_login AS users_last_login, users.created_at AS users_created_at, users.updated_at AS users_updated_at 
FROM users 
WHERE users.id = ?
 LIMIT ? OFFSET ?
2026-04-12 12:09:52,463 INFO sqlalchemy.engine.Engine [cached since 0.00337s ago] (1, 1, 0)
2026-04-12 12:09:52,464 INFO sqlalchemy.engine.Engine SELECT office.id AS office_id, office.name AS office_name, office.room_number AS office_room_number, office.description AS office_description, office.leader_name AS office_leader_name, office.leader_phone AS office_leader_phone, office.primary_admin_id AS office_primary_admin_id, office.water_user_count AS office_water_user_count, office.is_common AS office_is_common, office.is_active AS office_is_active, office.created_at AS office_created_at, office.updated_at AS office_updated_at 
FROM office 
WHERE office.is_active = 1 ORDER BY office.name
2026-04-12 12:09:52,464 INFO sqlalchemy.engine.Engine [generated in 0.00016s] ()
2026-04-12 12:09:52,465 INFO sqlalchemy.engine.Engine SELECT products.id AS products_id, products.name AS products_name, products.specification AS products_specification, products.unit AS products_unit, products.price AS products_price, products.stock AS products_stock, products.stock_alert AS products_stock_alert, products.cost_price AS products_cost_price, products.image_url AS products_image_url, products.description AS products_description, products.category_id AS products_category_id, products.barcode AS products_barcode, products.promo_threshold AS products_promo_threshold, products.promo_gift AS products_promo_gift, products.is_active AS products_is_active, products.is_protected AS products_is_protected, products.service_type AS products_service_type, products.resource_config AS products_resource_config, products.booking_required AS products_booking_required, products.advance_booking_days AS products_advance_booking_days 
FROM products 
WHERE products.is_active = 1 AND products.stock > ?
2026-04-12 12:09:52,466 INFO sqlalchemy.engine.Engine [generated in 0.00022s] (0,)
INFO:     127.0.0.1:59888 - "GET /api/v1/water/offices?is_active=true HTTP/1.1" 200 OK
INFO:     127.0.0.1:59889 - "GET /api/v1/water/products?active_only=true HTTP/1.1" 200 OK
2026-04-12 12:09:52,468 INFO sqlalchemy.engine.Engine ROLLBACK
2026-04-12 12:09:52,468 INFO sqlalchemy.engine.Engine ROLLBACK
2026-04-12 12:09:52,647 INFO sqlalchemy.engine.Engine BEGIN (implicit)
2026-04-12 12:09:52,648 INFO sqlalchemy.engine.Engine SELECT id FROM token_blacklist WHERE token_jti = ?
2026-04-12 12:09:52,650 INFO sqlalchemy.engine.Engine [cached since 0.1932s ago] ('DPP1o7N_0cHBXSjvbd4_o5Dt5-o1TIaz6tzgeIgll28',)
2026-04-12 12:09:52,653 INFO sqlalchemy.engine.Engine SELECT users.id AS users_id, users.username AS users_username, users.name AS users_name, users.department AS users_department, users.role AS users_role, users.password_hash AS users_password_hash, users.balance_credit AS users_balance_credit, users.is_active AS users_is_active, users.user_type AS users_user_type, users.phone AS users_phone, users.email AS users_email, users.company AS users_company, users.last_login AS users_last_login, users.created_at AS users_created_at, users.updated_at AS users_updated_at 
FROM users 
WHERE users.id = ?
 LIMIT ? OFFSET ?
2026-04-12 12:09:52,653 INFO sqlalchemy.engine.Engine [cached since 0.1931s ago] (1, 1, 0)
2026-04-12 12:09:52,657 INFO sqlalchemy.engine.Engine SELECT office_pickup.id AS office_pickup_id, office_pickup.office_id AS office_pickup_office_id, office_pickup.office_name AS office_pickup_office_name, office_pickup.office_room_number AS office_pickup_office_room_number, office_pickup.product_id AS office_pickup_product_id, office_pickup.product_name AS office_pickup_product_name, office_pickup.product_specification AS office_pickup_product_specification, office_pickup.quantity AS office_pickup_quantity, office_pickup.pickup_person AS office_pickup_pickup_person, office_pickup.pickup_person_id AS office_pickup_pickup_person_id, office_pickup.pickup_time AS office_pickup_pickup_time, office_pickup.payment_mode AS office_pickup_payment_mode, office_pickup.settlement_status AS office_pickup_settlement_status, office_pickup.unit_price AS office_pickup_unit_price, office_pickup.total_amount AS office_pickup_total_amount, office_pickup.free_qty AS office_pickup_free_qty, office_pickup.note AS office_pickup_note, office_pickup.is_deleted AS office_pickup_is_deleted, office_pickup.deleted_at AS office_pickup_deleted_at, office_pickup.deleted_by AS office_pickup_deleted_by, office_pickup.delete_reason AS office_pickup_delete_reason, office_pickup.created_at AS office_pickup_created_at 
FROM office_pickup 
WHERE office_pickup.is_deleted = 0 ORDER BY office_pickup.pickup_time DESC
 LIMIT ? OFFSET ?
2026-04-12 12:09:52,657 INFO sqlalchemy.engine.Engine [generated in 0.00025s] (10000, 0)
2026-04-12 12:09:52,657 INFO sqlalchemy.engine.Engine BEGIN (implicit)
2026-04-12 12:09:52,664 INFO sqlalchemy.engine.Engine SELECT system_config.id AS system_config_id, system_config.config_key AS system_config_config_key, system_config.config_value AS system_config_config_value, system_config.description AS system_config_description, system_config.updated_at AS system_config_updated_at 
FROM system_config 
WHERE system_config.config_key = ?
 LIMIT ? OFFSET ?
2026-04-12 12:09:52,665 INFO sqlalchemy.engine.Engine [generated in 0.00030s] ('payment_qr_code', 1, 0)
INFO:     127.0.0.1:59888 - "GET /api/v1/water/pickups?limit=10000 HTTP/1.1" 200 OK
INFO:     127.0.0.1:59889 - "GET /api/v1/system/config/payment-qr HTTP/1.1" 200 OK
2026-04-12 12:09:52,668 INFO sqlalchemy.engine.Engine ROLLBACK
2026-04-12 12:09:52,668 INFO sqlalchemy.engine.Engine ROLLBACK
2026-04-12 12:10:04,068 INFO sqlalchemy.engine.Engine BEGIN (implicit)
2026-04-12 12:10:04,069 INFO sqlalchemy.engine.Engine SELECT id FROM token_blacklist WHERE token_jti = ?
2026-04-12 12:10:04,069 INFO sqlalchemy.engine.Engine [cached since 11.61s ago] ('DPP1o7N_0cHBXSjvbd4_o5Dt5-o1TIaz6tzgeIgll28',)
2026-04-12 12:10:04,071 INFO sqlalchemy.engine.Engine SELECT users.id AS users_id, users.username AS users_username, users.name AS users_name, users.department AS users_department, users.role AS users_role, users.password_hash AS users_password_hash, users.balance_credit AS users_balance_credit, users.is_active AS users_is_active, users.user_type AS users_user_type, users.phone AS users_phone, users.email AS users_email, users.company AS users_company, users.last_login AS users_last_login, users.created_at AS users_created_at, users.updated_at AS users_updated_at 
FROM users 
WHERE users.id = ?
 LIMIT ? OFFSET ?
2026-04-12 12:10:04,071 INFO sqlalchemy.engine.Engine [cached since 11.61s ago] (1, 1, 0)
2026-04-12 12:10:04,073 INFO sqlalchemy.engine.Engine SELECT office.id AS office_id, office.name AS office_name, office.room_number AS office_room_number, office.description AS office_description, office.leader_name AS office_leader_name, office.leader_phone AS office_leader_phone, office.primary_admin_id AS office_primary_admin_id, office.water_user_count AS office_water_user_count, office.is_common AS office_is_common, office.is_active AS office_is_active, office.created_at AS office_created_at, office.updated_at AS office_updated_at 
FROM office 
WHERE office.id = ? AND office.is_active = 1
 LIMIT ? OFFSET ?
2026-04-12 12:10:04,073 INFO sqlalchemy.engine.Engine [generated in 0.00015s] (2, 1, 0)
2026-04-12 12:10:04,075 INFO sqlalchemy.engine.Engine SELECT products.id AS products_id, products.name AS products_name, products.specification AS products_specification, products.unit AS products_unit, products.price AS products_price, products.stock AS products_stock, products.stock_alert AS products_stock_alert, products.cost_price AS products_cost_price, products.image_url AS products_image_url, products.description AS products_description, products.category_id AS products_category_id, products.barcode AS products_barcode, products.promo_threshold AS products_promo_threshold, products.promo_gift AS products_promo_gift, products.is_active AS products_is_active, products.is_protected AS products_is_protected, products.service_type AS products_service_type, products.resource_config AS products_resource_config, products.booking_required AS products_booking_required, products.advance_booking_days AS products_advance_booking_days 
FROM products 
WHERE products.id = ? AND products.is_active = 1
 LIMIT ? OFFSET ?
2026-04-12 12:10:04,075 INFO sqlalchemy.engine.Engine [generated in 0.00047s] (3, 1, 0)
2026-04-12 12:10:04,078 INFO sqlalchemy.engine.Engine INSERT INTO office_pickup (office_id, office_name, office_room_number, product_id, product_name, product_specification, quantity, pickup_person, pickup_person_id, pickup_time, payment_mode, settlement_status, unit_price, total_amount, free_qty, note, is_deleted, deleted_at, deleted_by, delete_reason, created_at) VALUES (?, ?, ?, ?, ?, ?, ?, ?, ?, ?, ?, ?, ?, ?, ?, ?, ?, ?, ?, ?, ?)
2026-04-12 12:10:04,078 INFO sqlalchemy.engine.Engine [generated in 0.00026s] (2, '总经理', '001', 3, '12L桶装水', '12L', 2, '麦子', 1, '2026-04-12 04:09:00.000000', 'credit', 'pending', 16.8, 33.6, 0, None, False, None, None, None, '2026-04-12 12:10:04.078292')
2026-04-12 12:10:04,082 INFO sqlalchemy.engine.Engine UPDATE products SET stock=? WHERE products.id = ?
2026-04-12 12:10:04,082 INFO sqlalchemy.engine.Engine [generated in 0.00012s] (55, 3)
2026-04-12 12:10:04,082 INFO sqlalchemy.engine.Engine COMMIT
2026-04-12 12:10:04,087 INFO sqlalchemy.engine.Engine BEGIN (implicit)
2026-04-12 12:10:04,090 INFO sqlalchemy.engine.Engine SELECT office_pickup.id, office_pickup.office_id, office_pickup.office_name, office_pickup.office_room_number, office_pickup.product_id, office_pickup.product_name, office_pickup.product_specification, office_pickup.quantity, office_pickup.pickup_person, office_pickup.pickup_person_id, office_pickup.pickup_time, office_pickup.payment_mode, office_pickup.settlement_status, office_pickup.unit_price, office_pickup.total_amount, office_pickup.free_qty, office_pickup.note, office_pickup.is_deleted, office_pickup.deleted_at, office_pickup.deleted_by, office_pickup.delete_reason, office_pickup.created_at 
FROM office_pickup 
WHERE office_pickup.id = ?
2026-04-12 12:10:04,091 INFO sqlalchemy.engine.Engine [generated in 0.00016s] (16,)
INFO:     127.0.0.1:59984 - "POST /api/v1/water/pickup HTTP/1.1" 200 OK
2026-04-12 12:10:04,095 INFO sqlalchemy.engine.Engine ROLLBACK
2026-04-12 12:10:04,102 INFO sqlalchemy.engine.Engine BEGIN (implicit)
2026-04-12 12:10:04,102 INFO sqlalchemy.engine.Engine SELECT id FROM token_blacklist WHERE token_jti = ?
2026-04-12 12:10:04,102 INFO sqlalchemy.engine.Engine [cached since 11.64s ago] ('DPP1o7N_0cHBXSjvbd4_o5Dt5-o1TIaz6tzgeIgll28',)
2026-04-12 12:10:04,102 INFO sqlalchemy.engine.Engine SELECT users.id AS users_id, users.username AS users_username, users.name AS users_name, users.department AS users_department, users.role AS users_role, users.password_hash AS users_password_hash, users.balance_credit AS users_balance_credit, users.is_active AS users_is_active, users.user_type AS users_user_type, users.phone AS users_phone, users.email AS users_email, users.company AS users_company, users.last_login AS users_last_login, users.created_at AS users_created_at, users.updated_at AS users_updated_at 
FROM users 
WHERE users.id = ?
 LIMIT ? OFFSET ?
2026-04-12 12:10:04,102 INFO sqlalchemy.engine.Engine [cached since 11.64s ago] (1, 1, 0)
2026-04-12 12:10:04,103 INFO sqlalchemy.engine.Engine SELECT office.id AS office_id, office.name AS office_name, office.room_number AS office_room_number, office.description AS office_description, office.leader_name AS office_leader_name, office.leader_phone AS office_leader_phone, office.primary_admin_id AS office_primary_admin_id, office.water_user_count AS office_water_user_count, office.is_common AS office_is_common, office.is_active AS office_is_active, office.created_at AS office_created_at, office.updated_at AS office_updated_at 
FROM office 
WHERE office.is_active = 1 ORDER BY office.name
2026-04-12 12:10:04,104 INFO sqlalchemy.engine.Engine [cached since 11.64s ago] ()
2026-04-12 12:10:04,103 INFO sqlalchemy.engine.Engine BEGIN (implicit)
2026-04-12 12:10:04,104 INFO sqlalchemy.engine.Engine SELECT id FROM token_blacklist WHERE token_jti = ?
2026-04-12 12:10:04,104 INFO sqlalchemy.engine.Engine [cached since 11.65s ago] ('DPP1o7N_0cHBXSjvbd4_o5Dt5-o1TIaz6tzgeIgll28',)
2026-04-12 12:10:04,105 INFO sqlalchemy.engine.Engine SELECT users.id AS users_id, users.username AS users_username, users.name AS users_name, users.department AS users_department, users.role AS users_role, users.password_hash AS users_password_hash, users.balance_credit AS users_balance_credit, users.is_active AS users_is_active, users.user_type AS users_user_type, users.phone AS users_phone, users.email AS users_email, users.company AS users_company, users.last_login AS users_last_login, users.created_at AS users_created_at, users.updated_at AS users_updated_at 
FROM users 
WHERE users.id = ?
 LIMIT ? OFFSET ?
2026-04-12 12:10:04,105 INFO sqlalchemy.engine.Engine [cached since 11.65s ago] (1, 1, 0)
INFO:     127.0.0.1:59984 - "GET /api/v1/water/offices?is_active=true HTTP/1.1" 200 OK
2026-04-12 12:10:04,111 INFO sqlalchemy.engine.Engine SELECT products.id AS products_id, products.name AS products_name, products.specification AS products_specification, products.unit AS products_unit, products.price AS products_price, products.stock AS products_stock, products.stock_alert AS products_stock_alert, products.cost_price AS products_cost_price, products.image_url AS products_image_url, products.description AS products_description, products.category_id AS products_category_id, products.barcode AS products_barcode, products.promo_threshold AS products_promo_threshold, products.promo_gift AS products_promo_gift, products.is_active AS products_is_active, products.is_protected AS products_is_protected, products.service_type AS products_service_type, products.resource_config AS products_resource_config, products.booking_required AS products_booking_required, products.advance_booking_days AS products_advance_booking_days 
FROM products 
WHERE products.is_active = 1 AND products.stock > ?
2026-04-12 12:10:04,111 INFO sqlalchemy.engine.Engine [cached since 11.65s ago] (0,)
INFO:     127.0.0.1:59985 - "GET /api/v1/water/products?active_only=true HTTP/1.1" 200 OK
2026-04-12 12:10:04,122 INFO sqlalchemy.engine.Engine ROLLBACK
2026-04-12 12:10:04,159 INFO sqlalchemy.engine.Engine ROLLBACK
2026-04-12 12:10:04,172 INFO sqlalchemy.engine.Engine BEGIN (implicit)
2026-04-12 12:10:04,172 INFO sqlalchemy.engine.Engine SELECT id FROM token_blacklist WHERE token_jti = ?
2026-04-12 12:10:04,172 INFO sqlalchemy.engine.Engine [cached since 11.71s ago] ('DPP1o7N_0cHBXSjvbd4_o5Dt5-o1TIaz6tzgeIgll28',)
2026-04-12 12:10:04,173 INFO sqlalchemy.engine.Engine SELECT users.id AS users_id, users.username AS users_username, users.name AS users_name, users.department AS users_department, users.role AS users_role, users.password_hash AS users_password_hash, users.balance_credit AS users_balance_credit, users.is_active AS users_is_active, users.user_type AS users_user_type, users.phone AS users_phone, users.email AS users_email, users.company AS users_company, users.last_login AS users_last_login, users.created_at AS users_created_at, users.updated_at AS users_updated_at 
FROM users 
WHERE users.id = ?
 LIMIT ? OFFSET ?
2026-04-12 12:10:04,173 INFO sqlalchemy.engine.Engine [cached since 11.71s ago] (1, 1, 0)
2026-04-12 12:10:04,174 INFO sqlalchemy.engine.Engine BEGIN (implicit)
2026-04-12 12:10:04,175 INFO sqlalchemy.engine.Engine SELECT system_config.id AS system_config_id, system_config.config_key AS system_config_config_key, system_config.config_value AS system_config_config_value, system_config.description AS system_config_description, system_config.updated_at AS system_config_updated_at 
FROM system_config 
WHERE system_config.config_key = ?
 LIMIT ? OFFSET ?
2026-04-12 12:10:04,175 INFO sqlalchemy.engine.Engine [cached since 11.51s ago] ('payment_qr_code', 1, 0)
2026-04-12 12:10:04,174 INFO sqlalchemy.engine.Engine SELECT office_pickup.id AS office_pickup_id, office_pickup.office_id AS office_pickup_office_id, office_pickup.office_name AS office_pickup_office_name, office_pickup.office_room_number AS office_pickup_office_room_number, office_pickup.product_id AS office_pickup_product_id, office_pickup.product_name AS office_pickup_product_name, office_pickup.product_specification AS office_pickup_product_specification, office_pickup.quantity AS office_pickup_quantity, office_pickup.pickup_person AS office_pickup_pickup_person, office_pickup.pickup_person_id AS office_pickup_pickup_person_id, office_pickup.pickup_time AS office_pickup_pickup_time, office_pickup.payment_mode AS office_pickup_payment_mode, office_pickup.settlement_status AS office_pickup_settlement_status, office_pickup.unit_price AS office_pickup_unit_price, office_pickup.total_amount AS office_pickup_total_amount, office_pickup.free_qty AS office_pickup_free_qty, office_pickup.note AS office_pickup_note, office_pickup.is_deleted AS office_pickup_is_deleted, office_pickup.deleted_at AS office_pickup_deleted_at, office_pickup.deleted_by AS office_pickup_deleted_by, office_pickup.delete_reason AS office_pickup_delete_reason, office_pickup.created_at AS office_pickup_created_at 
FROM office_pickup 
WHERE office_pickup.is_deleted = 0 ORDER BY office_pickup.pickup_time DESC
 LIMIT ? OFFSET ?
2026-04-12 12:10:04,176 INFO sqlalchemy.engine.Engine [cached since 11.52s ago] (10000, 0)
INFO:     127.0.0.1:59985 - "GET /api/v1/system/config/payment-qr HTTP/1.1" 200 OK
2026-04-12 12:10:04,177 INFO sqlalchemy.engine.Engine ROLLBACK
INFO:     127.0.0.1:59984 - "GET /api/v1/water/pickups?limit=10000 HTTP/1.1" 200 OK
2026-04-12 12:10:04,178 INFO sqlalchemy.engine.Engine ROLLBACK
2026-04-12 12:10:05,505 INFO sqlalchemy.engine.Engine BEGIN (implicit)
2026-04-12 12:10:05,506 INFO sqlalchemy.engine.Engine SELECT id FROM token_blacklist WHERE token_jti = ?
2026-04-12 12:10:05,506 INFO sqlalchemy.engine.Engine [cached since 13.05s ago] ('DPP1o7N_0cHBXSjvbd4_o5Dt5-o1TIaz6tzgeIgll28',)
2026-04-12 12:10:05,507 INFO sqlalchemy.engine.Engine SELECT users.id AS users_id, users.username AS users_username, users.name AS users_name, users.department AS users_department, users.role AS users_role, users.password_hash AS users_password_hash, users.balance_credit AS users_balance_credit, users.is_active AS users_is_active, users.user_type AS users_user_type, users.phone AS users_phone, users.email AS users_email, users.company AS users_company, users.last_login AS users_last_login, users.created_at AS users_created_at, users.updated_at AS users_updated_at 
FROM users 
WHERE users.id = ?
 LIMIT ? OFFSET ?
2026-04-12 12:10:05,507 INFO sqlalchemy.engine.Engine [cached since 13.05s ago] (1, 1, 0)
2026-04-12 12:10:05,519 INFO sqlalchemy.engine.Engine SELECT office_pickup.id AS office_pickup_id, office_pickup.office_id AS office_pickup_office_id, office_pickup.office_name AS office_pickup_office_name, office_pickup.office_room_number AS office_pickup_office_room_number, office_pickup.product_id AS office_pickup_product_id, office_pickup.product_name AS office_pickup_product_name, office_pickup.product_specification AS office_pickup_product_specification, office_pickup.quantity AS office_pickup_quantity, office_pickup.pickup_person AS office_pickup_pickup_person, office_pickup.pickup_person_id AS office_pickup_pickup_person_id, office_pickup.pickup_time AS office_pickup_pickup_time, office_pickup.payment_mode AS office_pickup_payment_mode, office_pickup.settlement_status AS office_pickup_settlement_status, office_pickup.unit_price AS office_pickup_unit_price, office_pickup.total_amount AS office_pickup_total_amount, office_pickup.free_qty AS office_pickup_free_qty, office_pickup.note AS office_pickup_note, office_pickup.is_deleted AS office_pickup_is_deleted, office_pickup.deleted_at AS office_pickup_deleted_at, office_pickup.deleted_by AS office_pickup_deleted_by, office_pickup.delete_reason AS office_pickup_delete_reason, office_pickup.created_at AS office_pickup_created_at 
FROM office_pickup 
WHERE office_pickup.is_deleted = 0 ORDER BY office_pickup.pickup_time DESC
 LIMIT ? OFFSET ?
2026-04-12 12:10:05,519 INFO sqlalchemy.engine.Engine [cached since 12.86s ago] (10000, 0)
INFO:     127.0.0.1:59984 - "GET /api/v1/water/pickups?limit=10000 HTTP/1.1" 200 OK
2026-04-12 12:10:05,521 INFO sqlalchemy.engine.Engine ROLLBACK
2026-04-12 12:10:26,641 INFO sqlalchemy.engine.Engine BEGIN (implicit)
2026-04-12 12:10:26,642 INFO sqlalchemy.engine.Engine SELECT id FROM token_blacklist WHERE token_jti = ?
2026-04-12 12:10:26,642 INFO sqlalchemy.engine.Engine [cached since 34.18s ago] ('DPP1o7N_0cHBXSjvbd4_o5Dt5-o1TIaz6tzgeIgll28',)
2026-04-12 12:10:26,644 INFO sqlalchemy.engine.Engine SELECT users.id AS users_id, users.username AS users_username, users.name AS users_name, users.department AS users_department, users.role AS users_role, users.password_hash AS users_password_hash, users.balance_credit AS users_balance_credit, users.is_active AS users_is_active, users.user_type AS users_user_type, users.phone AS users_phone, users.email AS users_email, users.company AS users_company, users.last_login AS users_last_login, users.created_at AS users_created_at, users.updated_at AS users_updated_at 
FROM users 
WHERE users.id = ?
 LIMIT ? OFFSET ?
2026-04-12 12:10:26,644 INFO sqlalchemy.engine.Engine [cached since 34.18s ago] (1, 1, 0)
2026-04-12 12:10:26,645 INFO sqlalchemy.engine.Engine SELECT office.id AS office_id, office.name AS office_name, office.room_number AS office_room_number, office.description AS office_description, office.leader_name AS office_leader_name, office.leader_phone AS office_leader_phone, office.primary_admin_id AS office_primary_admin_id, office.water_user_count AS office_water_user_count, office.is_common AS office_is_common, office.is_active AS office_is_active, office.created_at AS office_created_at, office.updated_at AS office_updated_at 
FROM office 
WHERE office.id = ? AND office.is_active = 1
 LIMIT ? OFFSET ?
2026-04-12 12:10:26,645 INFO sqlalchemy.engine.Engine [cached since 22.57s ago] (3, 1, 0)
2026-04-12 12:10:26,646 INFO sqlalchemy.engine.Engine SELECT products.id AS products_id, products.name AS products_name, products.specification AS products_specification, products.unit AS products_unit, products.price AS products_price, products.stock AS products_stock, products.stock_alert AS products_stock_alert, products.cost_price AS products_cost_price, products.image_url AS products_image_url, products.description AS products_description, products.category_id AS products_category_id, products.barcode AS products_barcode, products.promo_threshold AS products_promo_threshold, products.promo_gift AS products_promo_gift, products.is_active AS products_is_active, products.is_protected AS products_is_protected, products.service_type AS products_service_type, products.resource_config AS products_resource_config, products.booking_required AS products_booking_required, products.advance_booking_days AS products_advance_booking_days 
FROM products 
WHERE products.id = ? AND products.is_active = 1
 LIMIT ? OFFSET ?
2026-04-12 12:10:26,646 INFO sqlalchemy.engine.Engine [cached since 22.57s ago] (3, 1, 0)
2026-04-12 12:10:26,647 INFO sqlalchemy.engine.Engine INSERT INTO office_pickup (office_id, office_name, office_room_number, product_id, product_name, product_specification, quantity, pickup_person, pickup_person_id, pickup_time, payment_mode, settlement_status, unit_price, total_amount, free_qty, note, is_deleted, deleted_at, deleted_by, delete_reason, created_at) VALUES (?, ?, ?, ?, ?, ?, ?, ?, ?, ?, ?, ?, ?, ?, ?, ?, ?, ?, ?, ?, ?)
2026-04-12 12:10:26,647 INFO sqlalchemy.engine.Engine [cached since 22.57s ago] (3, '副总经理', '002', 3, '12L桶装水', '12L', 11, '张颂文', 1, '2026-04-12 04:09:00.000000', 'credit', 'pending', 16.8, 168.0, 1, None, False, None, None, None, '2026-04-12 12:10:26.647512')
2026-04-12 12:10:26,648 INFO sqlalchemy.engine.Engine UPDATE products SET stock=? WHERE products.id = ?
2026-04-12 12:10:26,648 INFO sqlalchemy.engine.Engine [cached since 22.57s ago] (44, 3)
2026-04-12 12:10:26,648 INFO sqlalchemy.engine.Engine COMMIT
2026-04-12 12:10:26,649 INFO sqlalchemy.engine.Engine BEGIN (implicit)
2026-04-12 12:10:26,649 INFO sqlalchemy.engine.Engine SELECT office_pickup.id, office_pickup.office_id, office_pickup.office_name, office_pickup.office_room_number, office_pickup.product_id, office_pickup.product_name, office_pickup.product_specification, office_pickup.quantity, office_pickup.pickup_person, office_pickup.pickup_person_id, office_pickup.pickup_time, office_pickup.payment_mode, office_pickup.settlement_status, office_pickup.unit_price, office_pickup.total_amount, office_pickup.free_qty, office_pickup.note, office_pickup.is_deleted, office_pickup.deleted_at, office_pickup.deleted_by, office_pickup.delete_reason, office_pickup.created_at 
FROM office_pickup 
WHERE office_pickup.id = ?
2026-04-12 12:10:26,649 INFO sqlalchemy.engine.Engine [cached since 22.56s ago] (17,)
INFO:     127.0.0.1:60183 - "POST /api/v1/water/pickup HTTP/1.1" 200 OK
2026-04-12 12:10:26,650 INFO sqlalchemy.engine.Engine ROLLBACK
2026-04-12 12:10:26,658 INFO sqlalchemy.engine.Engine BEGIN (implicit)
2026-04-12 12:10:26,658 INFO sqlalchemy.engine.Engine SELECT id FROM token_blacklist WHERE token_jti = ?
2026-04-12 12:10:26,658 INFO sqlalchemy.engine.Engine [cached since 34.2s ago] ('DPP1o7N_0cHBXSjvbd4_o5Dt5-o1TIaz6tzgeIgll28',)
2026-04-12 12:10:26,659 INFO sqlalchemy.engine.Engine SELECT users.id AS users_id, users.username AS users_username, users.name AS users_name, users.department AS users_department, users.role AS users_role, users.password_hash AS users_password_hash, users.balance_credit AS users_balance_credit, users.is_active AS users_is_active, users.user_type AS users_user_type, users.phone AS users_phone, users.email AS users_email, users.company AS users_company, users.last_login AS users_last_login, users.created_at AS users_created_at, users.updated_at AS users_updated_at 
FROM users 
WHERE users.id = ?
 LIMIT ? OFFSET ?
2026-04-12 12:10:26,659 INFO sqlalchemy.engine.Engine [cached since 34.2s ago] (1, 1, 0)
2026-04-12 12:10:26,661 INFO sqlalchemy.engine.Engine SELECT office.id AS office_id, office.name AS office_name, office.room_number AS office_room_number, office.description AS office_description, office.leader_name AS office_leader_name, office.leader_phone AS office_leader_phone, office.primary_admin_id AS office_primary_admin_id, office.water_user_count AS office_water_user_count, office.is_common AS office_is_common, office.is_active AS office_is_active, office.created_at AS office_created_at, office.updated_at AS office_updated_at 
FROM office 
WHERE office.is_active = 1 ORDER BY office.name
2026-04-12 12:10:26,661 INFO sqlalchemy.engine.Engine [cached since 34.2s ago] ()
2026-04-12 12:10:26,662 INFO sqlalchemy.engine.Engine BEGIN (implicit)
2026-04-12 12:10:26,662 INFO sqlalchemy.engine.Engine SELECT id FROM token_blacklist WHERE token_jti = ?
2026-04-12 12:10:26,662 INFO sqlalchemy.engine.Engine [cached since 34.2s ago] ('DPP1o7N_0cHBXSjvbd4_o5Dt5-o1TIaz6tzgeIgll28',)
2026-04-12 12:10:26,663 INFO sqlalchemy.engine.Engine SELECT users.id AS users_id, users.username AS users_username, users.name AS users_name, users.department AS users_department, users.role AS users_role, users.password_hash AS users_password_hash, users.balance_credit AS users_balance_credit, users.is_active AS users_is_active, users.user_type AS users_user_type, users.phone AS users_phone, users.email AS users_email, users.company AS users_company, users.last_login AS users_last_login, users.created_at AS users_created_at, users.updated_at AS users_updated_at 
FROM users 
WHERE users.id = ?
 LIMIT ? OFFSET ?
2026-04-12 12:10:26,663 INFO sqlalchemy.engine.Engine [cached since 34.2s ago] (1, 1, 0)
INFO:     127.0.0.1:60183 - "GET /api/v1/water/offices?is_active=true HTTP/1.1" 200 OK
2026-04-12 12:10:26,664 INFO sqlalchemy.engine.Engine SELECT products.id AS products_id, products.name AS products_name, products.specification AS products_specification, products.unit AS products_unit, products.price AS products_price, products.stock AS products_stock, products.stock_alert AS products_stock_alert, products.cost_price AS products_cost_price, products.image_url AS products_image_url, products.description AS products_description, products.category_id AS products_category_id, products.barcode AS products_barcode, products.promo_threshold AS products_promo_threshold, products.promo_gift AS products_promo_gift, products.is_active AS products_is_active, products.is_protected AS products_is_protected, products.service_type AS products_service_type, products.resource_config AS products_resource_config, products.booking_required AS products_booking_required, products.advance_booking_days AS products_advance_booking_days 
FROM products 
WHERE products.is_active = 1 AND products.stock > ?
2026-04-12 12:10:26,664 INFO sqlalchemy.engine.Engine [cached since 34.2s ago] (0,)
2026-04-12 12:10:26,665 INFO sqlalchemy.engine.Engine ROLLBACK
INFO:     127.0.0.1:60184 - "GET /api/v1/water/products?active_only=true HTTP/1.1" 200 OK
2026-04-12 12:10:26,665 INFO sqlalchemy.engine.Engine ROLLBACK
2026-04-12 12:10:26,675 INFO sqlalchemy.engine.Engine BEGIN (implicit)
2026-04-12 12:10:26,676 INFO sqlalchemy.engine.Engine SELECT id FROM token_blacklist WHERE token_jti = ?
2026-04-12 12:10:26,676 INFO sqlalchemy.engine.Engine [cached since 34.22s ago] ('DPP1o7N_0cHBXSjvbd4_o5Dt5-o1TIaz6tzgeIgll28',)
2026-04-12 12:10:26,676 INFO sqlalchemy.engine.Engine BEGIN (implicit)
2026-04-12 12:10:26,677 INFO sqlalchemy.engine.Engine SELECT system_config.id AS system_config_id, system_config.config_key AS system_config_config_key, system_config.config_value AS system_config_config_value, system_config.description AS system_config_description, system_config.updated_at AS system_config_updated_at 
FROM system_config 
WHERE system_config.config_key = ?
 LIMIT ? OFFSET ?
2026-04-12 12:10:26,677 INFO sqlalchemy.engine.Engine [cached since 34.01s ago] ('payment_qr_code', 1, 0)
2026-04-12 12:10:26,677 INFO sqlalchemy.engine.Engine SELECT users.id AS users_id, users.username AS users_username, users.name AS users_name, users.department AS users_department, users.role AS users_role, users.password_hash AS users_password_hash, users.balance_credit AS users_balance_credit, users.is_active AS users_is_active, users.user_type AS users_user_type, users.phone AS users_phone, users.email AS users_email, users.company AS users_company, users.last_login AS users_last_login, users.created_at AS users_created_at, users.updated_at AS users_updated_at 
FROM users 
WHERE users.id = ?
 LIMIT ? OFFSET ?
2026-04-12 12:10:26,677 INFO sqlalchemy.engine.Engine [cached since 34.22s ago] (1, 1, 0)
INFO:     127.0.0.1:60184 - "GET /api/v1/system/config/payment-qr HTTP/1.1" 200 OK
2026-04-12 12:10:26,681 INFO sqlalchemy.engine.Engine SELECT office_pickup.id AS office_pickup_id, office_pickup.office_id AS office_pickup_office_id, office_pickup.office_name AS office_pickup_office_name, office_pickup.office_room_number AS office_pickup_office_room_number, office_pickup.product_id AS office_pickup_product_id, office_pickup.product_name AS office_pickup_product_name, office_pickup.product_specification AS office_pickup_product_specification, office_pickup.quantity AS office_pickup_quantity, office_pickup.pickup_person AS office_pickup_pickup_person, office_pickup.pickup_person_id AS office_pickup_pickup_person_id, office_pickup.pickup_time AS office_pickup_pickup_time, office_pickup.payment_mode AS office_pickup_payment_mode, office_pickup.settlement_status AS office_pickup_settlement_status, office_pickup.unit_price AS office_pickup_unit_price, office_pickup.total_amount AS office_pickup_total_amount, office_pickup.free_qty AS office_pickup_free_qty, office_pickup.note AS office_pickup_note, office_pickup.is_deleted AS office_pickup_is_deleted, office_pickup.deleted_at AS office_pickup_deleted_at, office_pickup.deleted_by AS office_pickup_deleted_by, office_pickup.delete_reason AS office_pickup_delete_reason, office_pickup.created_at AS office_pickup_created_at 
FROM office_pickup 
WHERE office_pickup.is_deleted = 0 ORDER BY office_pickup.pickup_time DESC
 LIMIT ? OFFSET ?
2026-04-12 12:10:26,681 INFO sqlalchemy.engine.Engine [cached since 34.02s ago] (10000, 0)
2026-04-12 12:10:26,683 INFO sqlalchemy.engine.Engine ROLLBACK
INFO:     127.0.0.1:60183 - "GET /api/v1/water/pickups?limit=10000 HTTP/1.1" 200 OK
2026-04-12 12:10:26,690 INFO sqlalchemy.engine.Engine ROLLBACK
2026-04-12 12:10:28,343 INFO sqlalchemy.engine.Engine BEGIN (implicit)
2026-04-12 12:10:28,343 INFO sqlalchemy.engine.Engine SELECT id FROM token_blacklist WHERE token_jti = ?
2026-04-12 12:10:28,343 INFO sqlalchemy.engine.Engine [cached since 35.89s ago] ('DPP1o7N_0cHBXSjvbd4_o5Dt5-o1TIaz6tzgeIgll28',)
2026-04-12 12:10:28,344 INFO sqlalchemy.engine.Engine SELECT users.id AS users_id, users.username AS users_username, users.name AS users_name, users.department AS users_department, users.role AS users_role, users.password_hash AS users_password_hash, users.balance_credit AS users_balance_credit, users.is_active AS users_is_active, users.user_type AS users_user_type, users.phone AS users_phone, users.email AS users_email, users.company AS users_company, users.last_login AS users_last_login, users.created_at AS users_created_at, users.updated_at AS users_updated_at 
FROM users 
WHERE users.id = ?
 LIMIT ? OFFSET ?
2026-04-12 12:10:28,344 INFO sqlalchemy.engine.Engine [cached since 35.88s ago] (1, 1, 0)
2026-04-12 12:10:28,345 INFO sqlalchemy.engine.Engine SELECT office_pickup.id AS office_pickup_id, office_pickup.office_id AS office_pickup_office_id, office_pickup.office_name AS office_pickup_office_name, office_pickup.office_room_number AS office_pickup_office_room_number, office_pickup.product_id AS office_pickup_product_id, office_pickup.product_name AS office_pickup_product_name, office_pickup.product_specification AS office_pickup_product_specification, office_pickup.quantity AS office_pickup_quantity, office_pickup.pickup_person AS office_pickup_pickup_person, office_pickup.pickup_person_id AS office_pickup_pickup_person_id, office_pickup.pickup_time AS office_pickup_pickup_time, office_pickup.payment_mode AS office_pickup_payment_mode, office_pickup.settlement_status AS office_pickup_settlement_status, office_pickup.unit_price AS office_pickup_unit_price, office_pickup.total_amount AS office_pickup_total_amount, office_pickup.free_qty AS office_pickup_free_qty, office_pickup.note AS office_pickup_note, office_pickup.is_deleted AS office_pickup_is_deleted, office_pickup.deleted_at AS office_pickup_deleted_at, office_pickup.deleted_by AS office_pickup_deleted_by, office_pickup.delete_reason AS office_pickup_delete_reason, office_pickup.created_at AS office_pickup_created_at 
FROM office_pickup 
WHERE office_pickup.is_deleted = 0 ORDER BY office_pickup.pickup_time DESC
 LIMIT ? OFFSET ?
2026-04-12 12:10:28,345 INFO sqlalchemy.engine.Engine [cached since 35.69s ago] (10000, 0)
INFO:     127.0.0.1:60183 - "GET /api/v1/water/pickups?limit=10000 HTTP/1.1" 200 OK
2026-04-12 12:10:28,348 INFO sqlalchemy.engine.Engine ROLLBACK
INFO:     127.0.0.1:61792 - "GET /water/index.html HTTP/1.1" 200 OK
INFO:     127.0.0.1:62647 - "GET /water/index.html HTTP/1.1" 200 OK
INFO:     127.0.0.1:62647 - "GET /portal/assets/css/design-system.css HTTP/1.1" 200 OK
INFO:     127.0.0.1:62648 - "GET /portal/components/GlobalHeader.css HTTP/1.1" 200 OK
INFO:     127.0.0.1:62653 - "GET /shared/utils/api-client.js HTTP/1.1" 200 OK
INFO:     127.0.0.1:62656 - "GET /portal/components/GlobalHeader.js HTTP/1.1" 200 OK
INFO:     127.0.0.1:62655 - "GET /shared/utils/api-endpoints.js HTTP/1.1" 200 OK
INFO:     127.0.0.1:62654 - "GET /water/vue.global.js?v=20260330 HTTP/1.1" 200 OK
2026-04-12 12:18:03,680 INFO sqlalchemy.engine.Engine BEGIN (implicit)
2026-04-12 12:18:03,682 INFO sqlalchemy.engine.Engine SELECT id FROM token_blacklist WHERE token_jti = ?
2026-04-12 12:18:03,682 INFO sqlalchemy.engine.Engine [cached since 480.7s ago] ('DPP1o7N_0cHBXSjvbd4_o5Dt5-o1TIaz6tzgeIgll28',)
2026-04-12 12:18:03,685 INFO sqlalchemy.engine.Engine SELECT users.id AS users_id, users.username AS users_username, users.name AS users_name, users.department AS users_department, users.role AS users_role, users.password_hash AS users_password_hash, users.balance_credit AS users_balance_credit, users.is_active AS users_is_active, users.user_type AS users_user_type, users.phone AS users_phone, users.email AS users_email, users.company AS users_company, users.last_login AS users_last_login, users.created_at AS users_created_at, users.updated_at AS users_updated_at 
FROM users 
WHERE users.id = ?
 LIMIT ? OFFSET ?
2026-04-12 12:18:03,689 INFO sqlalchemy.engine.Engine [cached since 480.7s ago] (1, 1, 0)
2026-04-12 12:18:03,692 INFO sqlalchemy.engine.Engine BEGIN (implicit)
2026-04-12 12:18:03,692 INFO sqlalchemy.engine.Engine SELECT id FROM token_blacklist WHERE token_jti = ?
2026-04-12 12:18:03,692 INFO sqlalchemy.engine.Engine [cached since 480.7s ago] ('DPP1o7N_0cHBXSjvbd4_o5Dt5-o1TIaz6tzgeIgll28',)
2026-04-12 12:18:03,693 INFO sqlalchemy.engine.Engine SELECT users.id AS users_id, users.username AS users_username, users.name AS users_name, users.department AS users_department, users.role AS users_role, users.password_hash AS users_password_hash, users.balance_credit AS users_balance_credit, users.is_active AS users_is_active, users.user_type AS users_user_type, users.phone AS users_phone, users.email AS users_email, users.company AS users_company, users.last_login AS users_last_login, users.created_at AS users_created_at, users.updated_at AS users_updated_at 
FROM users 
WHERE users.id = ?
 LIMIT ? OFFSET ?
2026-04-12 12:18:03,693 INFO sqlalchemy.engine.Engine [cached since 480.7s ago] (1, 1, 0)
2026-04-12 12:18:03,697 INFO sqlalchemy.engine.Engine SELECT office.id AS office_id, office.name AS office_name, office.room_number AS office_room_number, office.description AS office_description, office.leader_name AS office_leader_name, office.leader_phone AS office_leader_phone, office.primary_admin_id AS office_primary_admin_id, office.water_user_count AS office_water_user_count, office.is_common AS office_is_common, office.is_active AS office_is_active, office.created_at AS office_created_at, office.updated_at AS office_updated_at 
FROM office 
WHERE office.is_active = 1 ORDER BY office.name
2026-04-12 12:18:03,697 INFO sqlalchemy.engine.Engine [cached since 480.7s ago] ()
2026-04-12 12:18:03,697 INFO sqlalchemy.engine.Engine SELECT products.id AS products_id, products.name AS products_name, products.specification AS products_specification, products.unit AS products_unit, products.price AS products_price, products.stock AS products_stock, products.stock_alert AS products_stock_alert, products.cost_price AS products_cost_price, products.image_url AS products_image_url, products.description AS products_description, products.category_id AS products_category_id, products.barcode AS products_barcode, products.promo_threshold AS products_promo_threshold, products.promo_gift AS products_promo_gift, products.is_active AS products_is_active, products.is_protected AS products_is_protected, products.service_type AS products_service_type, products.resource_config AS products_resource_config, products.booking_required AS products_booking_required, products.advance_booking_days AS products_advance_booking_days 
FROM products 
WHERE products.is_active = 1 AND products.stock > ?
2026-04-12 12:18:03,698 INFO sqlalchemy.engine.Engine [cached since 480.7s ago] (0,)
INFO:     127.0.0.1:62688 - "GET /api/v1/water/offices?is_active=true HTTP/1.1" 200 OK
INFO:     127.0.0.1:62689 - "GET /api/v1/water/products?active_only=true HTTP/1.1" 200 OK
2026-04-12 12:18:03,702 INFO sqlalchemy.engine.Engine ROLLBACK
2026-04-12 12:18:03,702 INFO sqlalchemy.engine.Engine ROLLBACK
2026-04-12 12:18:03,936 INFO sqlalchemy.engine.Engine BEGIN (implicit)
2026-04-12 12:18:03,937 INFO sqlalchemy.engine.Engine SELECT id FROM token_blacklist WHERE token_jti = ?
2026-04-12 12:18:03,937 INFO sqlalchemy.engine.Engine [cached since 480.9s ago] ('DPP1o7N_0cHBXSjvbd4_o5Dt5-o1TIaz6tzgeIgll28',)
2026-04-12 12:18:03,937 INFO sqlalchemy.engine.Engine SELECT users.id AS users_id, users.username AS users_username, users.name AS users_name, users.department AS users_department, users.role AS users_role, users.password_hash AS users_password_hash, users.balance_credit AS users_balance_credit, users.is_active AS users_is_active, users.user_type AS users_user_type, users.phone AS users_phone, users.email AS users_email, users.company AS users_company, users.last_login AS users_last_login, users.created_at AS users_created_at, users.updated_at AS users_updated_at 
FROM users 
WHERE users.id = ?
 LIMIT ? OFFSET ?
2026-04-12 12:18:03,937 INFO sqlalchemy.engine.Engine [cached since 480.9s ago] (1, 1, 0)
2026-04-12 12:18:03,939 INFO sqlalchemy.engine.Engine SELECT office_pickup.id AS office_pickup_id, office_pickup.office_id AS office_pickup_office_id, office_pickup.office_name AS office_pickup_office_name, office_pickup.office_room_number AS office_pickup_office_room_number, office_pickup.product_id AS office_pickup_product_id, office_pickup.product_name AS office_pickup_product_name, office_pickup.product_specification AS office_pickup_product_specification, office_pickup.quantity AS office_pickup_quantity, office_pickup.pickup_person AS office_pickup_pickup_person, office_pickup.pickup_person_id AS office_pickup_pickup_person_id, office_pickup.pickup_time AS office_pickup_pickup_time, office_pickup.payment_mode AS office_pickup_payment_mode, office_pickup.settlement_status AS office_pickup_settlement_status, office_pickup.unit_price AS office_pickup_unit_price, office_pickup.total_amount AS office_pickup_total_amount, office_pickup.free_qty AS office_pickup_free_qty, office_pickup.note AS office_pickup_note, office_pickup.is_deleted AS office_pickup_is_deleted, office_pickup.deleted_at AS office_pickup_deleted_at, office_pickup.deleted_by AS office_pickup_deleted_by, office_pickup.delete_reason AS office_pickup_delete_reason, office_pickup.created_at AS office_pickup_created_at 
FROM office_pickup 
WHERE office_pickup.is_deleted = 0 ORDER BY office_pickup.pickup_time DESC
 LIMIT ? OFFSET ?
2026-04-12 12:18:03,939 INFO sqlalchemy.engine.Engine [cached since 480.7s ago] (10000, 0)
2026-04-12 12:18:03,939 INFO sqlalchemy.engine.Engine BEGIN (implicit)
2026-04-12 12:18:03,939 INFO sqlalchemy.engine.Engine SELECT system_config.id AS system_config_id, system_config.config_key AS system_config_config_key, system_config.config_value AS system_config_config_value, system_config.description AS system_config_description, system_config.updated_at AS system_config_updated_at 
FROM system_config 
WHERE system_config.config_key = ?
 LIMIT ? OFFSET ?
2026-04-12 12:18:03,939 INFO sqlalchemy.engine.Engine [cached since 480.7s ago] ('payment_qr_code', 1, 0)
INFO:     127.0.0.1:62689 - "GET /api/v1/system/config/payment-qr HTTP/1.1" 200 OK
INFO:     127.0.0.1:62688 - "GET /api/v1/water/pickups?limit=10000 HTTP/1.1" 200 OK
2026-04-12 12:18:03,941 INFO sqlalchemy.engine.Engine ROLLBACK
2026-04-12 12:18:03,941 INFO sqlalchemy.engine.Engine ROLLBACK
INFO:     127.0.0.1:50246 - "GET /api/v1/water/stats/today HTTP/1.1" 401 Unauthorized
INFO:     127.0.0.1:50246 - "GET /api/v1/meeting/stats/today HTTP/1.1" 401 Unauthorized
2026-04-12 12:29:01,760 INFO sqlalchemy.engine.Engine BEGIN (implicit)
2026-04-12 12:29:01,761 INFO sqlalchemy.engine.Engine SELECT count(*) AS count_1 
FROM (SELECT office.id AS office_id, office.name AS office_name, office.room_number AS office_room_number, office.description AS office_description, office.leader_name AS office_leader_name, office.leader_phone AS office_leader_phone, office.primary_admin_id AS office_primary_admin_id, office.water_user_count AS office_water_user_count, office.is_common AS office_is_common, office.is_active AS office_is_active, office.created_at AS office_created_at, office.updated_at AS office_updated_at 
FROM office 
WHERE office.is_active = 1) AS anon_1
2026-04-12 12:29:01,761 INFO sqlalchemy.engine.Engine [cached since 1142s ago] ()
2026-04-12 12:29:01,764 INFO sqlalchemy.engine.Engine SELECT office.id AS office_id, office.name AS office_name, office.room_number AS office_room_number, office.description AS office_description, office.leader_name AS office_leader_name, office.leader_phone AS office_leader_phone, office.primary_admin_id AS office_primary_admin_id, office.water_user_count AS office_water_user_count, office.is_common AS office_is_common, office.is_active AS office_is_active, office.created_at AS office_created_at, office.updated_at AS office_updated_at 
FROM office 
WHERE office.is_active = 1 ORDER BY office.name
 LIMIT ? OFFSET ?
2026-04-12 12:29:01,764 INFO sqlalchemy.engine.Engine [cached since 1142s ago] (20, 0)
INFO:     127.0.0.1:50246 - "GET /api/v1/system/offices HTTP/1.1" 200 OK
2026-04-12 12:29:01,768 INFO sqlalchemy.engine.Engine ROLLBACK
INFO:     127.0.0.1:50246 - "GET /api/v1/system/users HTTP/1.1" 401 Unauthorized
INFO:     127.0.0.1:50246 - "GET /api/v1/water/settlements/summary HTTP/1.1" 404 Not Found
INFO:     127.0.0.1:50246 - "GET /portal/admin/water/settlement_v3.html HTTP/1.1" 200 OK
INFO:     127.0.0.1:50247 - "GET /water/index.html?tab=records HTTP/1.1" 200 OK
INFO:     127.0.0.1:50247 - "GET /.well-known/appspecific/com.chrome.devtools.json HTTP/1.1" 404 Not Found
INFO:     127.0.0.1:50388 - "GET /shared/utils/api-client.js HTTP/1.1" 200 OK
INFO:     127.0.0.1:50247 - "GET /portal/assets/css/design-system.css HTTP/1.1" 200 OK
INFO:     127.0.0.1:50393 - "GET /shared/utils/api-endpoints.js HTTP/1.1" 200 OK
INFO:     127.0.0.1:50394 - "GET /portal/components/GlobalHeader.js HTTP/1.1" 200 OK
INFO:     127.0.0.1:50397 - "GET /water/vue.global.js?v=20260330 HTTP/1.1" 200 OK
INFO:     127.0.0.1:50395 - "GET /portal/components/GlobalHeader.css HTTP/1.1" 200 OK
2026-04-12 12:29:33,983 INFO sqlalchemy.engine.Engine BEGIN (implicit)
2026-04-12 12:29:33,984 INFO sqlalchemy.engine.Engine SELECT id FROM token_blacklist WHERE token_jti = ?
2026-04-12 12:29:33,984 INFO sqlalchemy.engine.Engine [cached since 1171s ago] ('DPP1o7N_0cHBXSjvbd4_o5Dt5-o1TIaz6tzgeIgll28',)
2026-04-12 12:29:33,986 INFO sqlalchemy.engine.Engine SELECT users.id AS users_id, users.username AS users_username, users.name AS users_name, users.department AS users_department, users.role AS users_role, users.password_hash AS users_password_hash, users.balance_credit AS users_balance_credit, users.is_active AS users_is_active, users.user_type AS users_user_type, users.phone AS users_phone, users.email AS users_email, users.company AS users_company, users.last_login AS users_last_login, users.created_at AS users_created_at, users.updated_at AS users_updated_at 
FROM users 
WHERE users.id = ?
 LIMIT ? OFFSET ?
2026-04-12 12:29:33,986 INFO sqlalchemy.engine.Engine [cached since 1171s ago] (1, 1, 0)
2026-04-12 12:29:33,988 INFO sqlalchemy.engine.Engine BEGIN (implicit)
2026-04-12 12:29:33,988 INFO sqlalchemy.engine.Engine SELECT id FROM token_blacklist WHERE token_jti = ?
2026-04-12 12:29:33,988 INFO sqlalchemy.engine.Engine [cached since 1171s ago] ('DPP1o7N_0cHBXSjvbd4_o5Dt5-o1TIaz6tzgeIgll28',)
2026-04-12 12:29:33,988 INFO sqlalchemy.engine.Engine SELECT users.id AS users_id, users.username AS users_username, users.name AS users_name, users.department AS users_department, users.role AS users_role, users.password_hash AS users_password_hash, users.balance_credit AS users_balance_credit, users.is_active AS users_is_active, users.user_type AS users_user_type, users.phone AS users_phone, users.email AS users_email, users.company AS users_company, users.last_login AS users_last_login, users.created_at AS users_created_at, users.updated_at AS users_updated_at 
FROM users 
WHERE users.id = ?
 LIMIT ? OFFSET ?
2026-04-12 12:29:33,988 INFO sqlalchemy.engine.Engine [cached since 1171s ago] (1, 1, 0)
2026-04-12 12:29:33,989 INFO sqlalchemy.engine.Engine SELECT products.id AS products_id, products.name AS products_name, products.specification AS products_specification, products.unit AS products_unit, products.price AS products_price, products.stock AS products_stock, products.stock_alert AS products_stock_alert, products.cost_price AS products_cost_price, products.image_url AS products_image_url, products.description AS products_description, products.category_id AS products_category_id, products.barcode AS products_barcode, products.promo_threshold AS products_promo_threshold, products.promo_gift AS products_promo_gift, products.is_active AS products_is_active, products.is_protected AS products_is_protected, products.service_type AS products_service_type, products.resource_config AS products_resource_config, products.booking_required AS products_booking_required, products.advance_booking_days AS products_advance_booking_days 
FROM products 
WHERE products.is_active = 1 AND products.stock > ?
2026-04-12 12:29:33,989 INFO sqlalchemy.engine.Engine [cached since 1171s ago] (0,)
2026-04-12 12:29:33,990 INFO sqlalchemy.engine.Engine SELECT office.id AS office_id, office.name AS office_name, office.room_number AS office_room_number, office.description AS office_description, office.leader_name AS office_leader_name, office.leader_phone AS office_leader_phone, office.primary_admin_id AS office_primary_admin_id, office.water_user_count AS office_water_user_count, office.is_common AS office_is_common, office.is_active AS office_is_active, office.created_at AS office_created_at, office.updated_at AS office_updated_at 
FROM office 
WHERE office.is_active = 1 ORDER BY office.name
2026-04-12 12:29:33,990 INFO sqlalchemy.engine.Engine [cached since 1171s ago] ()
INFO:     127.0.0.1:50428 - "GET /api/v1/water/products?active_only=true HTTP/1.1" 200 OK
INFO:     127.0.0.1:50429 - "GET /api/v1/water/offices?is_active=true HTTP/1.1" 200 OK
2026-04-12 12:29:33,991 INFO sqlalchemy.engine.Engine ROLLBACK
2026-04-12 12:29:33,992 INFO sqlalchemy.engine.Engine ROLLBACK
2026-04-12 12:29:34,208 INFO sqlalchemy.engine.Engine BEGIN (implicit)
2026-04-12 12:29:34,213 INFO sqlalchemy.engine.Engine SELECT system_config.id AS system_config_id, system_config.config_key AS system_config_config_key, system_config.config_value AS system_config_config_value, system_config.description AS system_config_description, system_config.updated_at AS system_config_updated_at 
FROM system_config 
WHERE system_config.config_key = ?
 LIMIT ? OFFSET ?
2026-04-12 12:29:34,213 INFO sqlalchemy.engine.Engine [cached since 1171s ago] ('payment_qr_code', 1, 0)
INFO:     127.0.0.1:50429 - "GET /api/v1/system/config/payment-qr HTTP/1.1" 200 OK
2026-04-12 12:29:34,214 INFO sqlalchemy.engine.Engine ROLLBACK
2026-04-12 12:29:38,837 INFO sqlalchemy.engine.Engine BEGIN (implicit)
2026-04-12 12:29:38,837 INFO sqlalchemy.engine.Engine SELECT id FROM token_blacklist WHERE token_jti = ?
2026-04-12 12:29:38,837 INFO sqlalchemy.engine.Engine [cached since 1176s ago] ('DPP1o7N_0cHBXSjvbd4_o5Dt5-o1TIaz6tzgeIgll28',)
2026-04-12 12:29:38,838 INFO sqlalchemy.engine.Engine SELECT users.id AS users_id, users.username AS users_username, users.name AS users_name, users.department AS users_department, users.role AS users_role, users.password_hash AS users_password_hash, users.balance_credit AS users_balance_credit, users.is_active AS users_is_active, users.user_type AS users_user_type, users.phone AS users_phone, users.email AS users_email, users.company AS users_company, users.last_login AS users_last_login, users.created_at AS users_created_at, users.updated_at AS users_updated_at 
FROM users 
WHERE users.id = ?
 LIMIT ? OFFSET ?
2026-04-12 12:29:38,838 INFO sqlalchemy.engine.Engine [cached since 1176s ago] (1, 1, 0)
2026-04-12 12:29:38,839 INFO sqlalchemy.engine.Engine SELECT office_pickup.id AS office_pickup_id, office_pickup.office_id AS office_pickup_office_id, office_pickup.office_name AS office_pickup_office_name, office_pickup.office_room_number AS office_pickup_office_room_number, office_pickup.product_id AS office_pickup_product_id, office_pickup.product_name AS office_pickup_product_name, office_pickup.product_specification AS office_pickup_product_specification, office_pickup.quantity AS office_pickup_quantity, office_pickup.pickup_person AS office_pickup_pickup_person, office_pickup.pickup_person_id AS office_pickup_pickup_person_id, office_pickup.pickup_time AS office_pickup_pickup_time, office_pickup.payment_mode AS office_pickup_payment_mode, office_pickup.settlement_status AS office_pickup_settlement_status, office_pickup.unit_price AS office_pickup_unit_price, office_pickup.total_amount AS office_pickup_total_amount, office_pickup.free_qty AS office_pickup_free_qty, office_pickup.note AS office_pickup_note, office_pickup.is_deleted AS office_pickup_is_deleted, office_pickup.deleted_at AS office_pickup_deleted_at, office_pickup.deleted_by AS office_pickup_deleted_by, office_pickup.delete_reason AS office_pickup_delete_reason, office_pickup.created_at AS office_pickup_created_at 
FROM office_pickup 
WHERE office_pickup.is_deleted = 0 ORDER BY office_pickup.pickup_time DESC
 LIMIT ? OFFSET ?
2026-04-12 12:29:38,839 INFO sqlalchemy.engine.Engine [cached since 1176s ago] (10000, 0)
INFO:     127.0.0.1:50429 - "GET /api/v1/water/pickups?limit=10000 HTTP/1.1" 200 OK
2026-04-12 12:29:38,840 INFO sqlalchemy.engine.Engine ROLLBACK
