Serving HTTP on :: port 8080 (http://[::]:8080/) ...
::1 - - [03/Apr/2026 11:54:46] "GET /portal/index.html HTTP/1.1" 304 -
::1 - - [03/Apr/2026 11:54:48] "GET /Service_MeetingRoom/frontend/admin.html HTTP/1.1" 200 -
::1 - - [03/Apr/2026 11:54:57] code 404, message File not found
::1 - - [03/Apr/2026 11:54:57] "GET /.well-known/appspecific/com.chrome.devtools.json HTTP/1.1" 404 -
::1 - - [03/Apr/2026 11:55:15] code 404, message File not found
::1 - - [03/Apr/2026 11:55:15] "GET /.well-known/appspecific/com.chrome.devtools.json HTTP/1.1" 404 -
::1 - - [03/Apr/2026 11:55:15] code 404, message File not found
::1 - - [03/Apr/2026 11:55:15] "GET /.well-known/appspecific/com.chrome.devtools.json HTTP/1.1" 404 -
::1 - - [03/Apr/2026 11:55:17] code 404, message File not found
::1 - - [03/Apr/2026 11:55:17] "GET /.well-known/appspecific/com.chrome.devtools.json HTTP/1.1" 404 -
::1 - - [03/Apr/2026 11:55:20] code 404, message File not found
::1 - - [03/Apr/2026 11:55:20] "GET /.well-known/appspecific/com.chrome.devtools.json HTTP/1.1" 404 -
::1 - - [03/Apr/2026 11:55:20] code 404, message File not found
::1 - - [03/Apr/2026 11:55:20] "GET /.well-known/appspecific/com.chrome.devtools.json HTTP/1.1" 404 -
::1 - - [03/Apr/2026 11:55:20] "GET /Service_MeetingRoom/frontend/admin.html HTTP/1.1" 304 -
::1 - - [03/Apr/2026 11:55:20] code 404, message File not found
::1 - - [03/Apr/2026 11:55:20] "GET /.well-known/appspecific/com.chrome.devtools.json HTTP/1.1" 404 -
::1 - - [03/Apr/2026 11:56:35] "GET /Service_MeetingRoom/frontend/admin.html HTTP/1.1" 200 -
::1 - - [03/Apr/2026 11:56:35] code 404, message File not found
::1 - - [03/Apr/2026 11:56:35] "GET /.well-known/appspecific/com.chrome.devtools.json HTTP/1.1" 404 -
