2026-04-09 17:20:06,184 INFO sqlalchemy.engine.Engine BEGIN (implicit)
2026-04-09 17:20:06,184 INFO sqlalchemy.engine.Engine COMMIT
INFO:     Started server process [14147]
INFO:     Waiting for application startup.
INFO:     Application startup complete.
INFO:     Uvicorn running on http://0.0.0.0:8005 (Press CTRL+C to quit)INFO:     127.0.0.1:61598 - "GET /health HTTP/1.1" 500 Internal Server Error
ERROR:    Exception in ASGI application
Traceback (most recent call last):
  File "/Users/sgl/PycharmProjects/AIchanyejiqun/.venv/lib/python3.14/site-packages/starlette/staticfiles.py", line 196, in check_config
    stat_result = await anyio.to_thread.run_sync(os.stat, self.directory)
                  ^^^^^^^^^^^^^^^^^^^^^^^^^^^^^^^^^^^^^^^^^^^^^^^^^^^^^^^
  File "/Users/sgl/PycharmProjects/AIchanyejiqun/.venv/lib/python3.14/site-packages/anyio/to_thread.py", line 63, in run_sync
    return await get_async_backend().run_sync_in_worker_thread(
           ^^^^^^^^^^^^^^^^^^^^^^^^^^^^^^^^^^^^^^^^^^^^^^^^^^^^
        func, args, abandon_on_cancel=abandon_on_cancel, limiter=limiter
        ^^^^^^^^^^^^^^^^^^^^^^^^^^^^^^^^^^^^^^^^^^^^^^^^^^^^^^^^^^^^^^^^
    )
    ^
  File "/Users/sgl/PycharmProjects/AIchanyejiqun/.venv/lib/python3.14/site-packages/anyio/_backends/_asyncio.py", line 2502, in run_sync_in_worker_thread
    return await future
           ^^^^^^^^^^^^
  File "/Users/sgl/PycharmProjects/AIchanyejiqun/.venv/lib/python3.14/site-packages/anyio/_backends/_asyncio.py", line 986, in run
    result = context.run(func, *args)
FileNotFoundError: [Errno 2] No such file or directory: '/Users/sgl/PycharmProjects/AIchanyejiqun/Service_MeetingRoom/frontend'

During handling of the above exception, another exception occurred:

Traceback (most recent call last):
  File "/Users/sgl/PycharmProjects/AIchanyejiqun/.venv/lib/python3.14/site-packages/uvicorn/protocols/http/h11_impl.py", line 410, in run_asgi
    result = await app(  # type: ignore[func-returns-value]
             ^^^^^^^^^^^^^^^^^^^^^^^^^^^^^^^^^^^^^^^^^^^^^^
        self.scope, self.receive, self.send
        ^^^^^^^^^^^^^^^^^^^^^^^^^^^^^^^^^^^
    )
    ^
  File "/Users/sgl/PycharmProjects/AIchanyejiqun/.venv/lib/python3.14/site-packages/uvicorn/middleware/proxy_headers.py", line 60, in __call__
    return await self.app(scope, receive, send)
           ^^^^^^^^^^^^^^^^^^^^^^^^^^^^^^^^^^^^
  File "/Users/sgl/PycharmProjects/AIchanyejiqun/.venv/lib/python3.14/site-packages/fastapi/applications.py", line 1160, in __call__
    await super().__call__(scope, receive, send)
  File "/Users/sgl/PycharmProjects/AIchanyejiqun/.venv/lib/python3.14/site-packages/starlette/applications.py", line 90, in __call__
    await self.middleware_stack(scope, receive, send)
  File "/Users/sgl/PycharmProjects/AIchanyejiqun/.venv/lib/python3.14/site-packages/starlette/middleware/errors.py", line 186, in __call__
    raise exc
  File "/Users/sgl/PycharmProjects/AIchanyejiqun/.venv/lib/python3.14/site-packages/starlette/middleware/errors.py", line 164, in __call__
    await self.app(scope, receive, _send)
  File "/Users/sgl/PycharmProjects/AIchanyejiqun/.venv/lib/python3.14/site-packages/starlette/middleware/cors.py", line 88, in __call__
    await self.app(scope, receive, send)
  File "/Users/sgl/PycharmProjects/AIchanyejiqun/.venv/lib/python3.14/site-packages/starlette/middleware/exceptions.py", line 63, in __call__
    await wrap_app_handling_exceptions(self.app, conn)(scope, receive, send)
  File "/Users/sgl/PycharmProjects/AIchanyejiqun/.venv/lib/python3.14/site-packages/starlette/_exception_handler.py", line 53, in wrapped_app
    raise exc
  File "/Users/sgl/PycharmProjects/AIchanyejiqun/.venv/lib/python3.14/site-packages/starlette/_exception_handler.py", line 42, in wrapped_app
    await app(scope, receive, sender)
  File "/Users/sgl/PycharmProjects/AIchanyejiqun/.venv/lib/python3.14/site-packages/fastapi/middleware/asyncexitstack.py", line 18, in __call__
    await self.app(scope, receive, send)
  File "/Users/sgl/PycharmProjects/AIchanyejiqun/.venv/lib/python3.14/site-packages/starlette/routing.py", line 660, in __call__
    await self.middleware_stack(scope, receive, send)
  File "/Users/sgl/PycharmProjects/AIchanyejiqun/.venv/lib/python3.14/site-packages/starlette/routing.py", line 680, in app
    await route.handle(scope, receive, send)
  File "/Users/sgl/PycharmProjects/AIchanyejiqun/.venv/lib/python3.14/site-packages/starlette/routing.py", line 448, in handle
    await self.app(scope, receive, send)
  File "/Users/sgl/PycharmProjects/AIchanyejiqun/.venv/lib/python3.14/site-packages/starlette/staticfiles.py", line 94, in __call__
    await self.check_config()
  File "/Users/sgl/PycharmProjects/AIchanyejiqun/.venv/lib/python3.14/site-packages/starlette/staticfiles.py", line 198, in check_config
    raise RuntimeError(f"StaticFiles directory '{self.directory}' does not exist.")
RuntimeError: StaticFiles directory '/Users/sgl/PycharmProjects/AIchanyejiqun/Service_MeetingRoom/frontend' does not exist.
INFO:     127.0.0.1:61650 - "GET /health HTTP/1.1" 500 Internal Server Error
ERROR:    Exception in ASGI application
Traceback (most recent call last):
  File "/Users/sgl/PycharmProjects/AIchanyejiqun/.venv/lib/python3.14/site-packages/starlette/staticfiles.py", line 196, in check_config
    stat_result = await anyio.to_thread.run_sync(os.stat, self.directory)
                  ^^^^^^^^^^^^^^^^^^^^^^^^^^^^^^^^^^^^^^^^^^^^^^^^^^^^^^^
  File "/Users/sgl/PycharmProjects/AIchanyejiqun/.venv/lib/python3.14/site-packages/anyio/to_thread.py", line 63, in run_sync
    return await get_async_backend().run_sync_in_worker_thread(
           ^^^^^^^^^^^^^^^^^^^^^^^^^^^^^^^^^^^^^^^^^^^^^^^^^^^^
        func, args, abandon_on_cancel=abandon_on_cancel, limiter=limiter
        ^^^^^^^^^^^^^^^^^^^^^^^^^^^^^^^^^^^^^^^^^^^^^^^^^^^^^^^^^^^^^^^^
    )
    ^
  File "/Users/sgl/PycharmProjects/AIchanyejiqun/.venv/lib/python3.14/site-packages/anyio/_backends/_asyncio.py", line 2502, in run_sync_in_worker_thread
    return await future
           ^^^^^^^^^^^^
  File "/Users/sgl/PycharmProjects/AIchanyejiqun/.venv/lib/python3.14/site-packages/anyio/_backends/_asyncio.py", line 986, in run
    result = context.run(func, *args)
FileNotFoundError: [Errno 2] No such file or directory: '/Users/sgl/PycharmProjects/AIchanyejiqun/Service_MeetingRoom/frontend'

During handling of the above exception, another exception occurred:

Traceback (most recent call last):
  File "/Users/sgl/PycharmProjects/AIchanyejiqun/.venv/lib/python3.14/site-packages/uvicorn/protocols/http/h11_impl.py", line 410, in run_asgi
    result = await app(  # type: ignore[func-returns-value]
             ^^^^^^^^^^^^^^^^^^^^^^^^^^^^^^^^^^^^^^^^^^^^^^
        self.scope, self.receive, self.send
        ^^^^^^^^^^^^^^^^^^^^^^^^^^^^^^^^^^^
    )
    ^
  File "/Users/sgl/PycharmProjects/AIchanyejiqun/.venv/lib/python3.14/site-packages/uvicorn/middleware/proxy_headers.py", line 60, in __call__
    return await self.app(scope, receive, send)
           ^^^^^^^^^^^^^^^^^^^^^^^^^^^^^^^^^^^^
  File "/Users/sgl/PycharmProjects/AIchanyejiqun/.venv/lib/python3.14/site-packages/fastapi/applications.py", line 1160, in __call__
    await super().__call__(scope, receive, send)
  File "/Users/sgl/PycharmProjects/AIchanyejiqun/.venv/lib/python3.14/site-packages/starlette/applications.py", line 90, in __call__
    await self.middleware_stack(scope, receive, send)
  File "/Users/sgl/PycharmProjects/AIchanyejiqun/.venv/lib/python3.14/site-packages/starlette/middleware/errors.py", line 186, in __call__
    raise exc
  File "/Users/sgl/PycharmProjects/AIchanyejiqun/.venv/lib/python3.14/site-packages/starlette/middleware/errors.py", line 164, in __call__
    await self.app(scope, receive, _send)
  File "/Users/sgl/PycharmProjects/AIchanyejiqun/.venv/lib/python3.14/site-packages/starlette/middleware/cors.py", line 88, in __call__
    await self.app(scope, receive, send)
  File "/Users/sgl/PycharmProjects/AIchanyejiqun/.venv/lib/python3.14/site-packages/starlette/middleware/exceptions.py", line 63, in __call__
    await wrap_app_handling_exceptions(self.app, conn)(scope, receive, send)
  File "/Users/sgl/PycharmProjects/AIchanyejiqun/.venv/lib/python3.14/site-packages/starlette/_exception_handler.py", line 53, in wrapped_app
    raise exc
  File "/Users/sgl/PycharmProjects/AIchanyejiqun/.venv/lib/python3.14/site-packages/starlette/_exception_handler.py", line 42, in wrapped_app
    await app(scope, receive, sender)
  File "/Users/sgl/PycharmProjects/AIchanyejiqun/.venv/lib/python3.14/site-packages/fastapi/middleware/asyncexitstack.py", line 18, in __call__
    await self.app(scope, receive, send)
  File "/Users/sgl/PycharmProjects/AIchanyejiqun/.venv/lib/python3.14/site-packages/starlette/routing.py", line 660, in __call__
    await self.middleware_stack(scope, receive, send)
  File "/Users/sgl/PycharmProjects/AIchanyejiqun/.venv/lib/python3.14/site-packages/starlette/routing.py", line 680, in app
    await route.handle(scope, receive, send)
  File "/Users/sgl/PycharmProjects/AIchanyejiqun/.venv/lib/python3.14/site-packages/starlette/routing.py", line 448, in handle
    await self.app(scope, receive, send)
  File "/Users/sgl/PycharmProjects/AIchanyejiqun/.venv/lib/python3.14/site-packages/starlette/staticfiles.py", line 94, in __call__
    await self.check_config()
  File "/Users/sgl/PycharmProjects/AIchanyejiqun/.venv/lib/python3.14/site-packages/starlette/staticfiles.py", line 198, in check_config
    raise RuntimeError(f"StaticFiles directory '{self.directory}' does not exist.")
RuntimeError: StaticFiles directory '/Users/sgl/PycharmProjects/AIchanyejiqun/Service_MeetingRoom/frontend' does not exist.
