✓ 挂载Portal目录: /Users/sgl/PycharmProjects/AIchanyejiqun/Service_WaterManage/backend/../../portal
✓ 挂载水站前端目录: /Users/sgl/PycharmProjects/AIchanyejiqun/Service_WaterManage/backend/../../Service_WaterManage/frontend
✓ 挂载会议室前端目录: /Users/sgl/PycharmProjects/AIchanyejiqun/Service_WaterManage/backend/../../Service_MeetingRoom/frontend
✅ 会议数据库路径: /Users/sgl/PycharmProjects/AIchanyejiqun/Service_MeetingRoom/backend/meeting.db
✅ 会议审批数据库路径: /Users/sgl/PycharmProjects/AIchanyejiqun/Service_MeetingRoom/backend/meeting.db
✓ 挂载Portal目录: /Users/sgl/PycharmProjects/AIchanyejiqun/Service_WaterManage/backend/../../portal
✓ 挂载水站前端目录: /Users/sgl/PycharmProjects/AIchanyejiqun/Service_WaterManage/backend/../../Service_WaterManage/frontend
✓ 挂载会议室前端目录: /Users/sgl/PycharmProjects/AIchanyejiqun/Service_WaterManage/backend/../../Service_MeetingRoom/frontend
✓ 挂载Portal目录: /Users/sgl/PycharmProjects/AIchanyejiqun/Service_WaterManage/backend/../../portal
✓ 挂载水站前端目录: /Users/sgl/PycharmProjects/AIchanyejiqun/Service_WaterManage/backend/../../Service_WaterManage/frontend
✓ 挂载会议室前端目录: /Users/sgl/PycharmProjects/AIchanyejiqun/Service_WaterManage/backend/../../Service_MeetingRoom/frontend
✓ 挂载Portal目录: /Users/sgl/PycharmProjects/AIchanyejiqun/Service_WaterManage/backend/../../portal
✓ 挂载水站前端目录: /Users/sgl/PycharmProjects/AIchanyejiqun/Service_WaterManage/backend/../../Service_WaterManage/frontend
✓ 挂载会议室前端目录: /Users/sgl/PycharmProjects/AIchanyejiqun/Service_WaterManage/backend/../../Service_MeetingRoom/frontend

============================================================
企业服务平台启动成功！
============================================================

访问地址:
  - Portal首页: http://localhost:8008/portal/index.html
  - 水站管理: http://localhost:8008/water-admin/index.html
  - 管理后台: http://localhost:8008/portal/admin/login.html
  - API文档: http://localhost:8008/docs
============================================================

INFO:     Started server process [57322]
INFO:     Waiting for application startup.
INFO:     Application startup complete.
INFO:     Uvicorn running on http://0.0.0.0:8008 (Press CTRL+C to quit)
INFO:     127.0.0.1:60986 - "GET /api/health HTTP/1.1" 200 OK
INFO:     127.0.0.1:60995 - "GET /portal/index.html HTTP/1.1" 304 Not Modified
INFO:     127.0.0.1:60995 - "GET /shared/utils/api-client.js HTTP/1.1" 404 Not Found
INFO:     127.0.0.1:60996 - "GET /shared/utils/api-endpoints.js HTTP/1.1" 404 Not Found
✓ 挂载Portal目录: /Users/sgl/PycharmProjects/AIchanyejiqun/Service_WaterManage/backend/../../portal
✓ 挂载水站前端目录: /Users/sgl/PycharmProjects/AIchanyejiqun/Service_WaterManage/backend/../../Service_WaterManage/frontend
✓ 挂载会议室前端目录: /Users/sgl/PycharmProjects/AIchanyejiqun/Service_WaterManage/backend/../../Service_MeetingRoom/frontend
INFO:     127.0.0.1:60996 - "GET /api/office-admins/user/22 HTTP/1.1" 200 OK
INFO:     127.0.0.1:60996 - "GET /water/index.html HTTP/1.1" 200 OK
INFO:     127.0.0.1:60996 - "GET /shared/utils/api-client.js HTTP/1.1" 404 Not Found
INFO:     127.0.0.1:60995 - "GET /shared/utils/api-endpoints.js HTTP/1.1" 404 Not Found
INFO:     127.0.0.1:60995 - "GET /api/office-admins/user/22 HTTP/1.1" 200 OK
INFO:     127.0.0.1:60996 - "GET /api/v1/system/offices?is_active=1 HTTP/1.1" 200 OK
INFO:     127.0.0.1:61029 - "GET /api/v1/water/products?is_active=1 HTTP/1.1" 200 OK
INFO:     127.0.0.1:61029 - "GET /api/v1/config/payment-qr HTTP/1.1" 404 Not Found
INFO:     127.0.0.1:61029 - "POST /api/v1/water/pickup HTTP/1.1" 500 Internal Server Error
ERROR:    Exception in ASGI application
Traceback (most recent call last):
  File "/Users/sgl/PycharmProjects/AIchanyejiqun/.venv/lib/python3.14/site-packages/uvicorn/protocols/http/h11_impl.py", line 410, in run_asgi
    result = await app(  # type: ignore[func-returns-value]
             ^^^^^^^^^^^^^^^^^^^^^^^^^^^^^^^^^^^^^^^^^^^^^^
        self.scope, self.receive, self.send
        ^^^^^^^^^^^^^^^^^^^^^^^^^^^^^^^^^^^
    )
    ^
  File "/Users/sgl/PycharmProjects/AIchanyejiqun/.venv/lib/python3.14/site-packages/uvicorn/middleware/proxy_headers.py", line 60, in __call__
    return await self.app(scope, receive, send)
           ^^^^^^^^^^^^^^^^^^^^^^^^^^^^^^^^^^^^
  File "/Users/sgl/PycharmProjects/AIchanyejiqun/.venv/lib/python3.14/site-packages/fastapi/applications.py", line 1160, in __call__
    await super().__call__(scope, receive, send)
  File "/Users/sgl/PycharmProjects/AIchanyejiqun/.venv/lib/python3.14/site-packages/starlette/applications.py", line 90, in __call__
    await self.middleware_stack(scope, receive, send)
  File "/Users/sgl/PycharmProjects/AIchanyejiqun/.venv/lib/python3.14/site-packages/starlette/middleware/errors.py", line 186, in __call__
    raise exc
  File "/Users/sgl/PycharmProjects/AIchanyejiqun/.venv/lib/python3.14/site-packages/starlette/middleware/errors.py", line 164, in __call__
    await self.app(scope, receive, _send)
  File "/Users/sgl/PycharmProjects/AIchanyejiqun/.venv/lib/python3.14/site-packages/starleINFO:     Shutting down
INFO:     Waiting for application shutdown.
INFO:     Application shutdown complete.
INFO:     Finished server process [18983]
rojects/AIchanyejiqun/.venv/lib/python3.14/site-packages/starlette/middleware/cors.py", line 154, in simple_response
    await self.app(scope, receive, send)
  File "/Users/sgl/PycharmProjects/AIchanyejiqun/.venv/lib/python3.14/site-packages/starlette/middleware/exceptions.py", line 63, in __call__
    await wrap_app_handling_exceptions(self.app, conn)(scope, receive, send)
  File "/Users/sgl/PycharmProjects/AIchanyejiqun/.venv/lib/python3.14/site-packages/starlette/_exception_handler.py", line 53, in wrapped_app
    raise exc
  File "/Users/sgl/PycharmProjects/AIchanyejiqun/.venv/lib/python3.14/site-packages/starlette/_exception_handler.py", line 42, in wrapped_app
    await app(scope, receive, sender)
  File "/Users/sgl/PycharmProjects/AIchanyejiqun/.venv/lib/python3.14/site-packages/fastapi/middleware/asyncexitstack.py", line 18, in __call__
    await self.app(scope, receive, send)
  File "/Users/sgl/PycharmProjects/AIchanyejiqun/.venv/lib/python3.14/site-packages/starlette/routing.py", line 660, in __call__
    await self.middleware_stack(scope, receive, send)
  File "/Users/sgl/PycharmProjects/AIchanyejiqun/.venv/lib/python3.14/site-packages/starlette/routing.py", line 680, in app
    await route.handle(scope, receive, send)
  File "/Users/sgl/PycharmProjects/AIchanyejiqun/.venv/lib/python3.14/site-packages/starlette/routing.py", line 276, in handle
    await self.app(scope, receive, send)
  File "/Users/sgl/PycharmProjects/AIchanyejiqun/.venv/lib/python3.14/site-packages/fastapi/routing.py", line 130, in app
    await wrap_app_handling_exceptions(app, request)(scope, receive, send)
  File "/Users/sgl/PycharmProjects/AIchanyejiqun/.venv/lib/python3.14/site-packages/starlette/_exception_handler.py", line 53, in wrapped_app
    raise exc
  File "/Users/sgl/PycharmProjects/AIchanyejiqun/.venv/lib/python3.14/site-packages/starlette/_exception_handler.py", line 42, in wrapped_app
    await app(scope, receive, sender)
  File "/Users/sgl/PycharmProjects/AIchanyejiqun/.venv/lib/python3.14/site-packages/fastapi/routing.py", line 116, in app
    response = await f(request)
               ^^^^^^^^^^^^^^^^
  File "/Users/sgl/PycharmProjects/AIchanyejiqun/.venv/lib/python3.14/site-packages/fastapi/routing.py", line 670, in app
    raw_response = await run_endpoint_function(
                   ^^^^^^^^^^^^^^^^^^^^^^^^^^^^
    ...<3 lines>...
    )
    ^
  File "/Users/sgl/PycharmProjects/AIchanyejiqun/.venv/lib/python3.14/site-packages/fastapi/routing.py", line 326, in run_endpoint_function
    return await run_in_threadpool(dependant.call, **values)
           ^^^^^^^^^^^^^^^^^^^^^^^^^^^^^^^^^^^^^^^^^^^^^^^^^
  File "/Users/sgl/PycharmProjects/AIchanyejiqun/.venv/lib/python3.14/site-packages/starlette/concurrency.py", line 32, in run_in_threadpool
    return await anyio.to_thread.run_sync(func)
           ^^^^^^^^^^^^^^^^^^^^^^^^^^^^^^^^^^^^
  File "/Users/sgl/PycharmProjects/AIchanyejiqun/.venv/lib/python3.14/site-packages/anyio/to_thread.py", line 63, in run_sync
    return await get_async_backend().run_sync_in_worker_thread(
           ^^^^^^^^^^^^^^^^^^^^^^^^^^^^^^^^^^^^^^^^^^^^^^^^^^^^
        func, args, abandon_on_cancel=abandon_on_cancel, limiter=limiter
        ^^^^^^^^^^^^^^^^^^^^^^^^^^^^^^^^^^^^^^^^^^^^^^^^^^^^^^^^^^^^^^^^
    )
    ^
  File "/Users/sgl/PycharmProjects/AIchanyejiqun/.venv/lib/python3.14/site-packages/anyio/_backends/_asyncio.py", line 2502, in run_sync_in_worker_thread
    return await future
           ^^^^^^^^^^^^
  File "/Users/sgl/PycharmProjects/AIchanyejiqun/.venv/lib/python3.14/site-packages/anyio/_backends/_asyncio.py", line 986, in run
    result = context.run(func, *args)
  File "/Users/sgl/PycharmProjects/AIchanyejiqun/Service_WaterManage/backend/main.py", line 355, in v1_create_pickup
    return create_office_pickup(pickup=pickup_data, db=db, current_user=current_user)
  File "/Users/sgl/PycharmProjects/AIchanyejiqun/Service_WaterManage/backend/api/water.py", line 120, in create_office_pickup
    new_pickup = OfficePickup(
        office_id=office_id,
    ...<13 lines>...
        settlement_status="pending",
    )
  File "<string>", line 4, in __init__
  File "/Users/sgl/PycharmProjects/AIchanyejiqun/.venv/lib/python3.14/site-packages/sqlalchemy/orm/state.py", line 596, in _initialize_instance
    with util.safe_reraise():
         ~~~~~~~~~~~~~~~~~^^
  File "/Users/sgl/PycharmProjects/AIchanyejiqun/.venv/lib/python3.14/site-packages/sqlalchemy/util/langhelpers.py", line 121, in __exit__
    raise exc_value.with_traceback(exc_tb)
  File "/Users/sgl/PycharmProjects/AIchanyejiqun/.venv/lib/python3.14/site-packages/sqlalchemy/orm/state.py", line 594, in _initialize_instance
    manager.original_init(*mixed[1:], **kwargs)
    ~~~~~~~~~~~~~~~~~~~~~^^^^^^^^^^^^^^^^^^^^^^
  File "/Users/sgl/PycharmProjects/AIchanyejiqun/.venv/lib/python3.14/site-packages/sqlalchemy/orm/decl_base.py", line 2179, in _declarative_constructor
    raise TypeError(
        "%r is an invalid keyword argument for %s" % (k, cls_.__name__)
    )
TypeError: 'free_qty' is an invalid keyword argument for OfficePickup
INFO:     127.0.0.1:61056 - "POST /api/v1/water/pickup HTTP/1.1" 500 Internal Server Error
ERROR:    Exception in ASGI application
Traceback (most recent call last):
  File "/Users/sgl/PycharmProjects/AIchanyejiqun/.venv/lib/python3.14/site-packages/uvicorn/protocols/http/h11_impl.py", line 410, in run_asgi
    result = await app(  # type: ignore[func-returns-value]
             ^^^^^^^^^^^^^^^^^^^^^^^^^^^^^^^^^^^^^^^^^^^^^^
        self.scope, self.receive, self.send
        ^^^^^^^^^^^^^^^^^^^^^^^^^^^^^^^^^^^
    )
    ^
  File "/Users/sgl/PycharmProjects/AIchanyejiqun/.venv/lib/python3.14/site-packages/uvicorn/middleware/proxy_headers.py", line 60, in __call__
    return await self.app(scope, receive, send)
           ^^^^^^^^^^^^^^^^^^^^^^^^^^^^^^^^^^^^
  File "/Users/sgl/PycharmProjects/AIchanyejiqun/.venv/lib/python3.14/site-packages/fastapi/applications.py", line 1160, in __call__
    await super().__call__(scope, receive, send)
  File "/Users/sgl/PycharmProjects/AIchanyejiqun/.venv/lib/python3.14/site-packages/starlette/applications.py", line 90, in __call__
    await self.middleware_stack(scope, receive, send)
  File "/Users/sgl/PycharmProjects/AIchanyejiqun/.venv/lib/python3.14/site-packages/starlette/middleware/errors.py", line 186, in __call__
    raise exc
  File "/Users/sgl/PycharmProjects/AIchanyejiqun/.venv/lib/python3.14/site-packages/starlette/middleware/errors.py", line 164, in __call__
    await self.app(scope, receive, _send)
  File "/Users/sgl/PycharmProjects/AIchanyejiqun/.venv/lib/python3.14/site-packages/starlette/middleware/cors.py", line 96, in __call__
    await self.simple_response(scope, receive, send, request_headers=headers)
  File "/Users/sgl/PycharmProjects/AIchanyejiqun/.venv/lib/python3.14/site-packages/starlette/middleware/cors.py", line 154, in simple_response
    await self.app(scope, receive, send)
  File "/Users/sgl/PycharmProjects/AIchanyejiqun/.venv/lib/python3.14/site-packages/starlette/middleware/exceptions.py", line 63, in __call__
    await wrap_app_handling_exceptions(self.app, conn)(scope, receive, send)
  File "/Users/sgl/PycharmProjects/AIchanyejiqun/.venv/lib/python3.14/site-packages/starlette/_exception_handler.py", line 53, in wrapped_app
    raise exc
  File "/Users/sgl/PycharmProjects/AIchanyejiqun/.venv/lib/python3.14/site-packages/starlette/_exception_handler.py", line 42, in wrapped_app
    await app(scope, receive, sender)
  File "/Users/sgl/PycharmProjects/AIchanyejiqun/.venv/lib/python3.14/site-packages/fastapi/middleware/asyncexitstack.py", line 18, in __call__
    await self.app(scope, receive, send)
  File "/Users/sgl/PycharmProjects/AIchanyejiqun/.venv/lib/python3.14/site-packages/starlette/routing.py", line 660, in __call__
    await self.middleware_stack(scope, receive, send)
  File "/Users/sgl/PycharmProjects/AIchanyejiqun/.venv/lib/python3.14/site-packages/starlette/routing.py", line 680, in app
    await route.handle(scope, receive, send)
  File "/Users/sgl/PycharmProjects/AIchanyejiqun/.venv/lib/python3.14/site-packages/starlette/routing.py", line 276, in handle
    await self.app(scope, receive, send)
  File "/Users/sgl/PycharmProjects/AIchanyejiqun/.venv/lib/python3.14/site-packages/fastapi/routing.py", line 130, in app
    await wrap_app_handling_exceptions(app, request)(scope, receive, send)
  File "/Users/sgl/PycharmProjects/AIchanyejiqun/.venv/lib/python3.14/site-packages/starlette/_exception_handler.py", line 53, in wrapped_app
    raise exc
  File "/Users/sgl/PycharmProjects/AIchanyejiqun/.venv/lib/python3.14/site-packages/starlette/_exception_handler.py", line 42, in wrapped_app
    await app(scope, receive, sender)
  File "/Users/sgl/PycharmProjects/AIchanyejiqun/.venv/lib/python3.14/site-packages/fastapi/routing.py", line 116, in app
    response = await f(request)
               ^^^^^^^^^^^^^^^^
  File "/Users/sgl/PycharmProjects/AIchanyejiqun/.venv/lib/python3.14/site-packages/fastapi/routing.py", line 670, in app
    raw_response = await run_endpoint_function(
                   ^^^^^^^^^^^^^^^^^^^^^^^^^^^^
    ...<3 lines>...
    )
    ^
  File "/Users/sgl/PycharmProjects/AIchanyejiqun/.venv/lib/python3.14/site-packages/fastapi/routing.py", line 326, in run_endpoint_function
    return await run_in_threadpool(dependant.call, **values)
           ^^^^^^^^^^^^^^^^^^^^^^^^^^^^^^^^^^^^^^^^^^^^^^^^^
  File "/Users/sgl/PycharmProjects/AIchanyejiqun/.venv/lib/python3.14/site-packages/starlette/concurrency.py", line 32, in run_in_threadpool
    return await anyio.to_thread.run_sync(func)
           ^^^^^^^^^^^^^^^^^^^^^^^^^^^^^^^^^^^^
  File "/Users/sgl/PycharmProjects/AIchanyejiqun/.venv/lib/python3.14/site-packages/anyio/to_thread.py", line 63, in run_sync
    return await get_async_backend().run_sync_in_worker_thread(
           ^^^^^^^^^^^^^^^^^^^^^^^^^^^^^^^^^^^^^^^^^^^^^^^^^^^^
        func, args, abandon_on_cancel=abandon_on_cancel, limiter=limiter
        ^^^^^^^^^^^^^^^^^^^^^^^^^^^^^^^^^^^^^^^^^^^^^^^^^^^^^^^^^^^^^^^^
    )
    ^
  File "/Users/sgl/PycharmProjects/AIchanyejiqun/.venv/lib/python3.14/site-packages/anyio/_backends/_asyncio.py", line 2502, in run_sync_in_worker_thread
    return await future
           ^^^^^^^^^^^^
  File "/Users/sgl/PycharmProjects/AIchanyejiqun/.venv/lib/python3.14/site-packages/anyio/_backends/_asyncio.py", line 986, in run
    result = context.run(func, *args)
  File "/Users/sgl/PycharmProjects/AIchanyejiqun/Service_WaterManage/backend/main.py", line 355, in v1_create_pickup
    return create_office_pickup(pickup=pickup_data, db=db, current_user=current_user)
  File "/Users/sgl/PycharmProjects/AIchanyejiqun/Service_WaterManage/backend/api/water.py", line 120, in create_office_pickup
    new_pickup = OfficePickup(
        office_id=office_id,
    ...<13 lines>...
        settlement_status="pending",
    )
  File "<string>", line 4, in __init__
  File "/Users/sgl/PycharmProjects/AIchanyejiqun/.venv/lib/python3.14/site-packages/sqlalchemy/orm/state.py", line 596, in _initialize_instance
    with util.safe_reraise():
         ~~~~~~~~~~~~~~~~~^^
  File "/Users/sgl/PycharmProjects/AIchanyejiqun/.venv/lib/python3.14/site-packages/sqlalchemy/util/langhelpers.py", line 121, in __exit__
    raise exc_value.with_traceback(exc_tb)
  File "/Users/sgl/PycharmProjects/AIchanyejiqun/.venv/lib/python3.14/site-packages/sqlalchemy/orm/state.py", line 594, in _initialize_instance
    manager.original_init(*mixed[1:], **kwargs)
    ~~~~~~~~~~~~~~~~~~~~~^^^^^^^^^^^^^^^^^^^^^^
  File "/Users/sgl/PycharmProjects/AIchanyejiqun/.venv/lib/python3.14/site-packages/sqlalchemy/orm/decl_base.py", line 2179, in _declarative_constructor
    raise TypeError(
        "%r is an invalid keyword argument for %s" % (k, cls_.__name__)
    )
TypeError: 'free_qty' is an invalid keyword argument for OfficePickup
INFO:     127.0.0.1:61104 - "POST /api/user/login HTTP/1.1" 200 OK
INFO:     127.0.0.1:61104 - "GET /shared/utils/api-client.js HTTP/1.1" 404 Not Found
INFO:     127.0.0.1:61105 - "GET /shared/utils/api-endpoints.js HTTP/1.1" 404 Not INFO:     Shutting down
INFO:     Waiting for application shutdown.
INFO:     Application shutdown complete.
INFO:     Finished server process [14859]
ctive=1 HTTP/1.1" 200 OK
INFO:     127.0.0.1:61104 - "GET /api/v1/config/payment-qr HTTP/1.1" 404 Not Found
INFO:     127.0.0.1:61199 - "POST /api/v1/water/pickup HTTP/1.1" 500 Internal Server Error
ERROR:    Exception in ASGI application
Traceback (most recent call last):
  File "/Users/sgl/PycharmProjects/AIchanyejiqun/.venv/lib/python3.14/site-packages/uvicorn/protocols/http/h11_impl.py", line 410, in run_asgi
    result = await app(  # type: ignore[func-returns-value]
             ^^^^^^^^^^^^^^^^^^^^^^^^^^^^^^^^^^^^^^^^^^^^^^
        self.scope, self.receive, self.send
        ^^^^^^^^^^^^^^^^^^^^^^^^^^^^^^^^^^^
    )
    ^
  File "/Users/sgl/PycharmProjects/AIchanyejiqun/.venv/lib/python3.14/site-packages/uvicorn/middleware/proxy_headers.py", line 60, in __call__
    return await self.app(scope, receive, send)
           ^^^^^^^^^^^^^^^^^^^^^^^^^^^^^^^^^^^^
  File "/Users/sgl/PycharmProjects/AIchanyejiqun/.venv/lib/python3.14/site-packages/fastapi/applications.py", line 1160, in __call__
    await super().__call__(scope, receive, send)
  File "/Users/sgl/PycharmProjects/AIchanyejiqun/.venv/lib/python3.14/site-packages/starlette/applications.py", line 90, in __call__
    await self.middleware_stack(scope, receive, send)
  File "/Users/sgl/PycharmProjects/AIchanyejiqun/.venv/lib/python3.14/site-packages/starlette/middleware/errors.py", line 186, in __call__
    raise exc
  File "/Users/sgl/PycharmProjects/AIchanyejiqun/.venv/lib/python3.14/site-packages/starlette/middleware/errors.py", line 164, in __call__
    await self.app(scope, receive, _send)
  File "/Users/sgl/PycharmProjects/AIchanyejiqun/.venv/lib/python3.14/site-packages/starlette/middleware/cors.py", line 96, in __call__
    await self.simple_response(scope, receive, send, request_headers=headers)
  File "/Users/sgl/PycharmProjects/AIchanyejiqun/.venv/lib/python3.14/site-packages/starlette/middleware/cors.py", line 154, in simple_response
    await self.app(scope, receive, send)
  File "/Users/sgl/PycharmProjects/AIchanyejiqun/.venv/lib/python3.14/site-packages/starlette/middleware/exceptions.py", line 63, in __call__
    await wrap_app_handling_exceptions(self.app, conn)(scope, receive, send)
  File "/Users/sgl/PycharmProjects/AIchanyejiqun/.venv/lib/python3.14/site-packages/starlette/_exception_handler.py", line 53, in wrapped_app
    raise exc
  File "/Users/sgl/PycharmProjects/AIchanyejiqun/.venv/lib/python3.14/site-packages/starlette/_exception_handler.py", line 42, in wrapped_app
    await app(scope, receive, sender)
  File "/Users/sgl/PycharmProjects/AIchanyejiqun/.venv/lib/python3.14/site-packages/fastapi/middleware/asyncexitstack.py", line 18, in __call__
    await self.app(scope, receive, send)
  File "/Users/sgl/PycharmProjects/AIchanyejiqun/.venv/lib/python3.14/site-packages/starlette/routing.py", line 660, in __call__
    await self.middleware_stack(scope, receive, send)
  File "/Users/sgl/PycharmProjects/AIchanyejiqun/.venv/lib/python3.14/site-packages/starlette/routing.py", line 680, in app
    await route.handle(scope, receive, send)
  File "/Users/sgl/PycharmProjects/AIchanyejiqun/.venv/lib/python3.14/site-packages/starlette/routing.py", line 276, in handle
    await self.app(scope, receive, send)
  File "/Users/sgl/PycharmProjects/AIchanyejiqun/.venv/lib/python3.14/site-packages/fastapi/routing.py", line 130, in app
    await wrap_app_handling_exceptions(app, request)(scope, receive, send)
  File "/Users/sgl/PycharmProjects/AIchanyejiqun/.venv/lib/python3.14/site-packages/starlette/_exception_handler.py", line 53, in wrapped_app
    raise exc
  File "/Users/sgl/PycharmProjects/AIchanyejiqun/.venv/lib/python3.14/site-packages/starlette/_exception_handler.py", line 42, in wrapped_app
    await app(scope, receive, sender)
  File "/Users/sgl/PycharmProjects/AIchanyejiqun/.venv/lib/python3.14/site-packages/fastapi/routing.py", line 116, in app
    response = await f(request)
               ^^^^^^^^^^^^^^^^
  File "/Users/sgl/PycharmProjects/AIchanyejiqun/.venv/lib/python3.14/site-packages/fastapi/routing.py", line 670, in app
    raw_response = await run_endpoint_function(
                   ^^^^^^^^^^^^^^^^^^^^^^^^^^^^
    ...<3 lines>...
    )
    ^
  File "/Users/sgl/PycharmProjects/AIchanyejiqun/.venv/lib/python3.14/site-packages/fastapi/routing.py", line 326, in run_endpoint_function
    return await run_in_threadpool(dependant.call, **values)
           ^^^^^^^^^^^^^^^^^^^^^^^^^^^^^^^^^^^^^^^^^^^^^^^^^
  File "/Users/sgl/PycharmProjects/AIchanyejiqun/.venv/lib/python3.14/site-packages/starlette/concurrency.py", line 32, in run_in_threadpool
    return await anyio.to_thread.run_sync(func)
           ^^^^^^^^^^^^^^^^^^^^^^^^^^^^^^^^^^^^
  File "/Users/sgl/PycharmProjects/AIchanyejiqun/.venv/lib/python3.14/site-packages/anyio/to_thread.py", line 63, in run_sync
    return await get_async_backend().run_sync_in_worker_thread(
           ^^^^^^^^^^^^^^^^^^^^^^^^^^^^^^^^^^^^^^^^^^^^^^^^^^^^
        func, args, abandon_on_cancel=abandon_on_cancel, limiter=limiter
        ^^^^^^^^^^^^^^^^^^^^^^^^^^^^^^^^^^^^^^^^^^^^^^^^^^^^^^^^^^^^^^^^
    )
    ^
  File "/Users/sgl/PycharmProjects/AIchanyejiqun/.venv/lib/python3.14/site-packages/anyio/_backends/_asyncio.py", line 2502, in run_sync_in_worker_thread
    return await future
           ^^^^^^^^^^^^
  File "/Users/sgl/PycharmProjects/AIchanyejiqun/.venv/lib/python3.14/site-packages/anyio/_backends/_asyncio.py", line 986, in run
    result = context.run(func, *args)
  File "/Users/sgl/PycharmProjects/AIchanyejiqun/Service_WaterManage/backend/main.py", line 355, in v1_create_pickup
    return create_office_pickup(pickup=pickup_data, db=db, current_user=current_user)
  File "/Users/sgl/PycharmProjects/AIchanyejiqun/Service_WaterManage/backend/api/water.py", line 120, in create_office_pickup
    new_pickup = OfficePickup(
        office_id=office_id,
    ...<13 lines>...
        settlement_status="pending",
    )
  File "<string>", line 4, in __init__
  File "/Users/sgl/PycharmProjects/AIchanyejiqun/.venv/lib/python3.14/site-packages/sqlalchemy/orm/state.py", line 596, in _initialize_instance
    with util.safe_reraise():
         ~~~~~~~~~~~~~~~~~^^
  File "/Users/sgl/PycharmProjects/AIchanyejiqun/.venv/lib/python3.14/site-packages/sqlalchemy/util/langhelpers.py", line 121, in __exit__
    raise exc_value.with_traceback(exc_tb)
  File "/Users/sgl/PycharmProjects/AIchanyejiqun/.venv/lib/python3.14/site-packages/sqlalchemy/orm/state.py", line 594, in _initialize_instance
    manager.original_init(*mixed[1:], **kwargs)
    ~~~~~~~~~~~~~~~~~~~~~^^^^^^^^^^^^^^^^^^^^^^
  File "/Users/sgl/PycharmProjects/AIchanyejiqun/.venv/lib/python3.14/site-packages/sqlalchemy/orm/decl_base.py", line 2179, in _declarative_constructor
    raise TypeError(
        "%r is an invalid keyword argument for %s" % (k, cls_.__name__)
    )
TypeError: 'free_qty' is an invalid keyword argument for OfficePickup
INFO:     127.0.0.1:61214 - "POST /api/v1/water/pickup HTTP/1.1" 500 Internal Server Error
ERROR:    Exception in ASGI application
Traceback (most recent call last):
  File "/Users/sgl/PycharmProjects/AIchanyejiqun/.venv/lib/python3.14/site-packages/uvicorn/protocols/http/h11_impl.py", line 410, in run_asgi
    result = await app(  # type: ignore[func-returns-value]
             ^^^^^^^^^^^^^^^^^^^^^^^^^^^^^^^^^^^^^^^^^^^^^^
        self.scope, self.receive, self.send
        ^^^^^^^^^^^^^^^^^^^^^^^^^^^^^^^^^^^
    )
    ^
  File "/Users/sgl/PycharmProjects/AIchanyejiqun/.venv/lib/python3.14/site-packages/uvicorn/middleware/proxy_headers.py", line 60, in __call__
    return await self.app(scope, receive, send)
           ^^^^^^^^^^^^^^^^^^^^^^^^^^^^^^^^^^^^
  File "/Users/sgl/PycharmProjects/AIchanyejiqun/.venv/lib/python3.14/site-packages/fastapi/applications.py", line 1160, in __call__
    await super().__call__(scope, receive, send)
  File "/Users/sgl/PycharmProjects/AIchanyejiqun/.venv/lib/python3.14/site-packages/starlette/applications.py", line 90, in __call__
    await self.middleware_stack(scope, receive, send)
  File "/Users/sgl/PycharmProjects/AIchanyejiqun/.venv/lib/python3.14/site-packages/starlette/middleware/errors.py", line 186, in __call__
    raise exc
  File "/Users/sgl/PycharmProjects/AIchanyejiqun/.venv/lib/python3.14/site-packages/starlette/middleware/errors.py", line 164, in __call__
    await self.app(scope, receive, _send)
  File "/Users/sgl/PycharmProjects/AIchanyejiqun/.venv/lib/python3.14/site-packages/starlette/middleware/cors.py", line 96, in __call__
    await self.simple_response(scope, receive, send, request_headers=headers)
  File "/Users/sgl/PycharmProjects/AIchanyejiqun/.venv/lib/python3.14/site-packages/starlette/middleware/cors.py", line 154, in simple_response
    await self.app(scope, receive, send)
  File "/Users/sgl/PycharmProjects/AIchanyejiqun/.venv/lib/python3.14/site-packages/starlette/middleware/exceptions.py", line 63, in __call__
    await wrap_app_handling_exceptions(self.app, conn)(scope, receive, send)
  File "/Users/sgl/PycharmProjects/AIchanyejiqun/.venv/lib/python3.14/site-packages/starlette/_exception_handler.py", line 53, in wrapped_app
    raise exc
  File "/Users/sgl/PycharmProjects/AIchanyejiqun/.venv/lib/python3.14/site-packages/starlette/_exception_handler.py", line 42, in wrapped_app
    await app(scope, receive, sender)
  File "/Users/sgl/PycharmProjects/AIchanyejiqun/.venv/lib/python3.14/site-packages/fastapi/middleware/asyncexitstack.py", line 18, in __call__
    await self.app(scope, receive, send)
  File "/Users/sgl/PycharmProjects/AIchanyejiqun/.venv/lib/python3.14/site-packages/starlette/routing.py", line 660, in __call__
    await self.middleware_stack(scope, receive, send)
  File "/Users/sgl/PycharmProjects/AIchanyejiqun/.venv/lib/python3.14/site-packages/starlette/routing.py", line 680, in app
    await route.handle(scope, receive, send)
  File "/Users/sgl/PycharmProjects/AIchanyejiqun/.venv/lib/python3.14/site-packages/starlette/routing.py", line 276, in handle
    await self.app(scope, receive, send)
  File "/Users/sgl/PycharmProjects/AIchanyejiqun/.venv/lib/python3.14/site-packages/fastapi/routing.py", line 130, in app
    await wrap_app_handling_exceptions(app, request)(scope, receive, send)
  File "/Users/sgl/PycharmProjects/AIchanyejiqun/.venv/lib/python3.14/site-packages/starlette/_exception_handler.py", line 53, in wrapped_app
    raise exc
  File "/Users/sgl/PycharmProjects/AIchanyejiqun/.venv/lib/python3.14/site-packages/starlette/_exception_handler.py", line 42, in wrapped_app
    await app(scope, receive, sender)
  File "/Users/sgl/PycharmProjects/AIchanyejiqun/.venv/lib/python3.14/site-packages/fastapi/routing.py", line 116, in app
    response = await f(request)
               ^^^^^^^^^^^^^^^^
  File "/Users/sgl/PycharmProjects/AIchanyejiqun/.venv/lib/python3.14/site-packages/fastapi/routing.py", line 670, in app
    raw_response = await run_endpoint_function(
                   ^^^^^^^^^^^^^^^^^^^^^^^^^^^^
    ...<3 lines>...
    )
    ^
  File "/Users/sgl/PycharmProjects/AIchanyejiqun/.venv/lib/python3.14/site-packages/fastapi/routing.py", line 326, in run_endpoint_function
    return await run_in_threadpool(dependant.call, **values)
           ^^^^^^^^^^^^^^^^^^^^^^^^^^^^^^^^^^^^^^^^^^^^^^^^^
  File "/Users/sgl/PycharmProjects/AIchanyejiqun/.venv/lib/python3.14/site-packages/starlette/concurrency.py", line 32, in run_in_threadpool
    return await anyio.to_thread.run_sync(func)
           ^^^^^^^^^^^^^^^^^^^^^^^^^^^^^^^^^^^^
  File "/Users/sgl/PycharmProjects/AIchanyejiqun/.venv/lib/python3.14/site-packages/anyio/to_thread.py", line 63, in run_sync
    return await get_async_backend().run_sync_in_worker_thread(
           ^^^^^^^^^^^^^^^^^^^^^^^^^^^^^^^^^^^^^^^^^^^^^^^^^^^^
        func, args, abandon_on_cancel=abandon_on_cancel, limiter=limiter
        ^^^^^^^^^^^^^^^^^^^^^^^^^^^^^^^^^^^^^^^^^^^^^^^^^^^^^^^^^^^^^^^^
    )
    ^
  File "/Users/sgl/PycharmProjects/AIchanyejiqun/.venv/lib/python3.14/site-packages/anyio/_backends/_asyncio.py", line 2502, in run_sync_in_worker_thread
    return await future
           ^^^^^^^^^^^^
  File "/Users/sgl/PycharmProjects/AIchanyejiqun/.venv/lib/python3.14/site-packages/anyio/_backends/_asyncio.py", line 986, in run
    result = context.run(func, *args)
  File "/Users/sgl/PycharmProjects/AIchanyejiqun/Service_WaterManage/backend/main.py", line 355, in v1_create_pickup
    return create_office_pickup(pickup=pickup_data, db=db, current_user=current_user)
  File "/Users/sgl/PycharmProjects/AIchanyejiqun/Service_WaterManage/backend/api/water.py", line 120, in create_office_pickup
    new_pickup = OfficePickup(
        office_id=office_id,
    ...<13 lines>...
        settlement_status="pending",
    )
  File "<string>", line 4, in __init__
  File "/Users/sgl/PycharmProjects/AIchanyejiqun/.venv/lib/python3.14/site-packages/sqlalchemy/orm/state.py", line 596, in _initialize_instance
    with util.safe_reraise():
         ~~~~~~~~~~~~~~~~~^^
  File "/Users/sgl/PycharmProjects/AIchanyejiqun/.venv/lib/python3.14/site-packages/sqlalchemy/util/langhelpers.py", line 121, in __exit__
    raise exc_value.with_traceback(exc_tb)
  File "/Users/sgl/PycharmProjects/AIchanyejiqun/.venv/lib/python3.14/site-packages/sqlalchemy/orm/state.py", line 594, in _initialize_instance
    manager.original_init(*mixed[1:], **kwargs)
    ~~~~~~~~~~~~~~~~~~~~~^^^^^^^^^^^^^^^^^^^^^^
  File "/Users/sgl/PycharmProjects/AIchanyejiqun/.venv/lib/python3.14/site-packages/sqlalchemy/orm/decl_base.py", line 2179, in _declarative_constructor
    raise TypeError(
        "%r is an invalid keyword argument for %s" % (k, cls_.__name__)
    )
TypeError: 'free_qty' is an invalid keyword argument for OfficePickup
INFO:     127.0.0.1:61219 - "POST /api/v1/water/pickup HTTP/1.1" 500 Internal Server Error
ERROR:    Exception in ASGI application
Traceback (most recent call last):
  File "/Users/sgl/PycharmProjects/AIchanyejiqun/.venv/lib/python3.14/site-packages/uvicorn/protocols/http/h11_impl.py", line 410, in run_asgi
    result = await app(  # type: ignore[func-returns-value]
             ^^^^^^^^^^^^^^^^^^^^^^^^^^^^^^^^^^^^^^^^^^^^^^
        self.scope, self.receive, self.send
        ^^^^^^^^^^^^^^^^^^^^^^^^^^^^^^^^^^^
    )
    ^
  File "/Users/sgl/PycharmProjects/AIchanyejiqun/.venv/lib/python3.14/site-packages/uvicorn/middleware/proxy_headers.py", line 60, in __call__
    return await self.app(scope, receive, send)
           ^^^^^^^^^^^^^^^^^^^^^^^^^^^^^^^^^^^^
  File "/Users/sgl/PycharmProjects/AIchanyejiqun/.venv/lib/python3.14/site-packages/fastapi/applications.py", line 1160, in __call__
    await super().__call__(scope, receive, send)
  File "/Users/sgl/PycharmProjects/AIchanyejiqun/.venv/lib/python3.14/site-packages/starlette/applications.py", line 90, in __call__
    await self.middleware_stack(scope, receive, send)
  File "/Users/sgl/PycharmProjects/AIchanyejiqun/.venv/lib/python3.14/site-packages/starlette/middleware/errors.py", line 186, in __call__
    raise exc
  File "/Users/sgl/PycharmProjects/AIchanyejiqun/.venv/lib/python3.14/site-packages/starlette/middleware/errors.py", line 164, in __call__
    await self.app(scope, receive, _send)
  File "/Users/sgl/PycharmProjects/AIchanyejiqun/.venv/lib/python3.14/site-packages/starlette/middleware/cors.py", line 96, in __call__
    await self.simple_response(scope, receive, send, request_headers=headers)
  File "/Users/sgl/PycharmProjects/AIchanyejiqun/.venv/lib/python3.14/site-packages/starlette/middleware/cors.py", line 154, in simple_response
    await self.app(scope, receive, send)
  File "/Users/sgl/PycharmProjects/AIchanyejiqun/.venv/lib/python3.14/site-packages/starlette/middleware/exceptions.py", line 63, in __call__
    await wrap_app_handling_exceptions(self.app, conn)(scope, receive, send)
  File "/Users/sgl/PycharmProjects/AIchanyejiqun/.venv/lib/python3.14/site-packages/starlette/_exception_handler.py", line 53, in wrapped_app
    raise exc
  File "/Users/sgl/PycharmProjects/AIchanyejiqun/.venv/lib/python3.14/site-packages/starlette/_exception_handler.py", line 42, in wrapped_app
    await app(scope, receive, sender)
  File "/Users/sgl/PycharmProjects/AIchanyejiqun/.venv/lib/python3.14/site-packages/fastapi/middleware/asyncexitstack.py", line 18, in __call__
    await self.app(scope, receive, send)
  File "/Users/sgl/PycharmProjects/AIchanyejiqun/.venv/lib/python3.14/site-packages/starlette/routing.py", line 660, in __call__
    await self.middleware_stack(scope, receive, send)
  File "/Users/sgl/PycharmProjects/AIchanyejiqun/.venv/lib/python3.14/site-packages/starlette/routing.py", line 680, in app
    await route.handle(scope, receive, send)
  File "/Users/sgl/PycharmProjects/AIchanyejiqun/.venv/lib/python3.14/site-packages/starlette/routing.py", line 276, in handle
    await self.app(scope, receive, send)
  File "/Users/sgl/PycharmProjects/AIchanyejiqun/.venv/lib/python3.14/site-packages/fastapi/routing.py", line 130, in app
    await wrap_app_handling_exceptions(app, request)(scope, receive, send)
  File "/Users/sgl/PycharmProjects/AIchanyejiqun/.venv/lib/python3.14/site-packages/starlette/_exception_handler.py", line 53, in wrapped_app
    raise exc
  File "/Users/sgl/PycharmProjects/AIchanyejiqun/.venv/lib/python3.14/site-packages/starlette/_exception_handler.py", line 42, in wrapped_app
    await app(scope, receive, sender)
  File "/Users/sgl/PycharmProjects/AIchanyejiqun/.venv/lib/python3.14/site-packages/fastapi/routing.py", line 116, in app
    response = await f(request)
               ^^^^^^^^^^^^^^^^
  File "/Users/sgl/PycharmProjects/AIchanyejiqun/.venv/lib/python3.14/site-packages/fastapi/routing.py", line 670, in app
    raw_response = await run_endpoint_function(
                   ^^^^^^^^^^^^^^^^^^^^^^^^^^^^
    ...<3 lines>...
    )
    ^
  File "/Users/sgl/PycharmProjects/AIchanyejiqun/.venv/lib/python3.14/site-packages/fastapi/routing.py", line 326, in run_endpoint_function
    return await run_in_threadpool(dependant.call, **values)
           ^^^^^^^^^^^^^^^^^^^^^^^^^^^^^^^^^^^^^^^^^^^^^^^^^
  File "/Users/sgl/PycharmProjects/AIchanyejiqun/.venv/lib/python3.14/site-packages/starlette/concurrency.py", line 32, in run_in_threadpool
    return await anyio.to_thread.run_sync(func)
           ^^^^^^^^^^^^^^^^^^^^^^^^^^^^^^^^^^^^
  File "/Users/sgl/PycharmProjects/AIchanyejiqun/.venv/lib/python3.14/site-packages/anyio/to_thread.py", line 63, in run_sync
    return await get_async_backend().run_sync_in_worker_thread(
           ^^^^^^^^^^^^^^^^^^^^^^^^^^^^^^^^^^^^^^^^^^^^^^^^^^^^
        func, args, abandon_on_cancel=abandon_on_cancel, limiter=limiter
        ^^^^^^^^^^^^^^^^^^^^^^^^^^^^^^^^^^^^^^^^^^^^^^^^^^^^^^^^^^^^^^^^
    )
    ^
  File "/Users/sgl/PycharmProjects/AIchanyejiqun/.venv/lib/python3.14/site-packages/anyio/_backends/_asyncio.py", line 2502, in run_sync_in_worker_thread
    return await future
           ^^^^^^^^^^^^
  File "/Users/sgl/PycharmProjects/AIchanyejiqun/.venv/lib/python3.14/site-packages/anyio/_backends/_asyncio.py", line 986, in run
    result = context.run(func, *args)
  File "/Users/sgl/PycharmProjects/AIchanyejiqun/Service_WaterManage/backend/main.py", line 355, in v1_create_pickup
    return create_office_pickup(pickup=pickup_data, db=db, current_user=current_user)
  File "/Users/sgl/PycharmProjects/AIchanyejiqun/Service_WaterManage/backend/api/water.py", line 120, in create_office_pickup
    new_pickup = OfficePickup(
        office_id=office_id,
    ...<13 lines>...
        settlement_status="pending",
    )
  File "<string>", line 4, in __init__
  File "/Users/sgl/PycharmProjects/AIchanyejiqun/.venv/lib/python3.14/site-packages/sqlalchemy/orm/state.py", line 596, in _initialize_instance
    with util.safe_reraise():
         ~~~~~~~~~~~~~~~~~^^
  File "/Users/sgl/PycharmProjects/AIchanyejiqun/.venv/lib/python3.14/site-packages/sqlalchemy/util/langhelpers.py", line 121, in __exit__
    raise exc_value.with_traceback(exc_tb)
  File "/Users/sgl/PycharmProjects/AIchanyejiqun/.venv/lib/python3.14/site-packages/sqlalchemy/orm/state.py", line 594, in _initialize_instance
    manager.original_init(*mixed[1:], **kwargs)
    ~~~~~~~~~~~~~~~~~~~~~^^^^^^^^^^^^^^^^^^^^^^
  File "/Users/sgl/PycharmProjects/AIchanyejiqun/.venv/lib/python3.14/site-packages/sqlalchemy/orm/decl_base.py", line 2179, in _declarative_constructor
    raise TypeError(
        "%r is an invalid keyword argument for %s" % (k, cls_.__name__)
    )
TypeError: 'free_qty' is an invalid keyword argument for OfficePickup
INFO:     127.0.0.1:61220 - "POST /api/v1/water/pickup HTTP/1.1" 500 Internal Server Error
ERROR:    Exception in ASGI application
Traceback (most recent call last):
  File "/Users/sgl/PycharmProjects/AIchanyejiqun/.venv/lib/python3.14/site-packages/uvicorn/protocols/http/h11_impl.py", line 410, in run_asgi
    result = await app(  # type: ignore[func-returns-value]
             ^^^^^^^^^^^^^^^^^^^^^^^^^^^^^^^^^^^^^^^^^^^^^^
        self.scope, self.receive, self.send
        ^^^^^^^^^^^^^^^^^^^^^^^^^^^^^^^^^^^
    )
    ^
  File "/Users/sgl/PycharmProjects/AIchanyejiqun/.venv/lib/python3.14/site-packages/uvicorn/middleware/proxy_headers.py", line 60, in __call__
    return await self.app(scope, receive, send)
           ^^^^^^^^^^^^^^^^^^^^^^^^^^^^^^^^^^^^
  File "/Users/sgl/PycharmProjects/AIchanyejiqun/.venv/lib/python3.14/site-packages/fastapi/applications.py", line 1160, in __call__
    await super().__call__(scope, receive, send)
  File "/Users/sgl/PycharmProjects/AIchanyejiqun/.venv/lib/python3.14/site-packages/starlette/applications.py", line 90, in __call__
    await self.middleware_stack(scope, receive, send)
  File "/Users/sgl/PycharmProjects/AIchanyejiqun/.venv/lib/python3.14/site-packages/starlette/middleware/errors.py", line 186, in __call__
    raise exc
  File "/Users/sgl/PycharmProjects/AIchanyejiqun/.venv/lib/python3.14/site-packages/starlette/middleware/errors.py", line 164, in __call__
    await self.app(scope, receive, _send)
  File "/Users/sgl/PycharmProjects/AIchanyejiqun/.venv/lib/python3.14/site-packages/starlette/middleware/cors.py", line 96, in __call__
    await self.simple_response(scope, receive, send, request_headers=headers)
  File "/Users/sgl/PycharmProjects/AIchanyejiqun/.venv/lib/python3.14/site-packages/starlette/middleware/cors.py", line 154, in simple_response
    await self.app(scope, receive, send)
  File "/Users/sgl/PycharmProjects/AIchanyejiqun/.venv/lib/python3.14/site-packages/starlette/middleware/exceptions.py", line 63, in __call__
    await wrap_app_handling_exceptions(self.app, conn)(scope, receive, send)
  File "/Users/sgl/PycharmProjects/AIchanyejiqun/.venv/lib/python3.14/site-packages/starlette/_exception_handler.py", line 53, in wrapped_app
    raise exc
  File "/Users/sgl/PycharmProjects/AIchanyejiqun/.venv/lib/python3.14/site-packages/starlette/_exception_handler.py", line 42, in wrapped_app
    await app(scope, receive, sender)
  File "/Users/sgl/PycharmProjects/AIchanyejiqun/.venv/lib/python3.14/site-packages/fastapi/middleware/asyncexitstack.py", line 18, in __call__
    await self.app(scope, receive, send)
  File "/Users/sgl/PycharmProjects/AIchanyejiqun/.venv/lib/python3.14/site-packages/starlette/routing.py", line 660, in __call__
    await self.middleware_stack(scope, receive, send)
  File "/Users/sgl/PycharmProjects/AIchanyejiqun/.venv/lib/python3.14/site-packages/starlette/routing.py", line 680, in app
    await route.handle(scope, receive, send)
  File "/Users/sgl/PycharmProjects/AIchanyejiqun/.venv/lib/python3.14/site-packages/starlette/routing.py", line 276, in handle
    await self.app(scope, receive, send)
  File "/Users/sgl/PycharmProjects/AIchanyejiqun/.venv/lib/python3.14/site-packages/fastapi/routing.py", line 130, in app
    await wrap_app_handling_exceptions(app, request)(scope, receive, send)
  File "/Users/sgl/PycharmProjects/AIchanyejiqun/.venv/lib/python3.14/site-packages/starlette/_exception_handler.py", line 53, in wrapped_app
    raise exc
  File "/Users/sgl/PycharmProjects/AIchanyejiqun/.venv/lib/python3.14/site-packages/starlette/_exception_handler.py", line 42, in wrapped_app
    await app(scope, receive, sender)
  File "/Users/sgl/PycharmProjects/AIchanyejiqun/.venv/lib/python3.14/site-packages/fastapi/routing.py", line 116, in app
    response = await f(request)
               ^^^^^^^^^^^^^^^^
  File "/Users/sgl/PycharmProjects/AIchanyejiqun/.venv/lib/python3.14/site-packages/fastapi/routing.py", line 670, in app
    raw_response = await run_endpoint_function(
                   ^^^^^^^^^^^^^^^^^^^^^^^^^^^^
    ...<3 lines>...
    )
    ^
  File "/Users/sgl/PycharmProjects/AIchanyejiqun/.venv/lib/python3.14/site-packages/fastapi/routing.py", line 326, in run_endpoint_function
    return await run_in_threadpool(dependant.call, **values)
           ^^^^^^^^^^^^^^^^^^^^^^^^^^^^^^^^^^^^^^^^^^^^^^^^^
  File "/Users/sgl/PycharmProjects/AIchanyejiqun/.venv/lib/python3.14/site-packages/starlette/concurrency.py", line 32, in run_in_threadpool
    return await anyio.to_thread.run_sync(func)
           ^^^^^^^^^^^^^^^^^^^^^^^^^^^^^^^^^^^^
  File "/Users/sgl/PycharmProjects/AIchanyejiqun/.venv/lib/python3.14/site-packages/anyio/to_thread.py", line 63, in run_sync
    return await get_async_backend().run_sync_in_worker_thread(
           ^^^^^^^^^^^^^^^^^^^^^^^^^^^^^^^^^^^^^^^^^^^^^^^^^^^^
        func, args, abandon_on_cancel=abandon_on_cancel, limiter=limiter
        ^^^^^^^^^^^^^^^^^^^^^^^^^^^^^^^^^^^^^^^^^^^^^^^^^^^^^^^^^^^^^^^^
    )
    ^
  File "/Users/sgl/PycharmProjects/AIchanyejiqun/.venv/lib/python3.14/site-packages/anyio/_backends/_asyncio.py", line 2502, in run_sync_in_worker_thread
    return await future
           ^^^^^^^^^^^^
  File "/Users/sgl/PycharmProjects/AIchanyejiqun/.venv/lib/python3.14/site-packages/anyio/_backends/_asyncio.py", line 986, in run
    result = context.run(func, *args)
  File "/Users/sgl/PycharmProjects/AIchanyejiqun/Service_WaterManage/backend/main.py", line 355, in v1_create_pickup
    return create_office_pickup(pickup=pickup_data, db=db, current_user=current_user)
  File "/Users/sgl/PycharmProjects/AIchanyejiqun/Service_WaterManage/backend/api/water.py", line 120, in create_office_pickup
    new_pickup = OfficePickup(
        office_id=office_id,
    ...<13 lines>...
        settlement_status="pending",
    )
  File "<string>", line 4, in __init__
  File "/Users/sgl/PycharmProjects/AIchanyejiqun/.venv/lib/python3.14/site-packages/sqlalchemy/orm/state.py", line 596, in _initialize_instance
    with util.safe_reraise():
         ~~~~~~~~~~~~~~~~~^^
  File "/Users/sgl/PycharmProjects/AIchanyejiqun/.venv/lib/python3.14/site-packages/sqlalchemy/util/langhelpers.py", line 121, in __exit__
    raise exc_value.with_traceback(exc_tb)
  File "/Users/sgl/PycharmProjects/AIchanyejiqun/.venv/lib/python3.14/site-packages/sqlalchemy/orm/state.py", line 594, in _initialize_instance
    manager.original_init(*mixed[1:], **kwargs)
    ~~~~~~~~~~~~~~~~~~~~~^^^^^^^^^^^^^^^^^^^^^^
  File "/Users/sgl/PycharmProjects/AIchanyejiqun/.venv/lib/python3.14/site-packages/sqlalchemy/orm/decl_base.py", line 2179, in _declarative_constructor
    raise TypeError(
        "%r is an invalid keyword argument for %s" % (k, cls_.__name__)
    )
TypeError: 'free_qty' is an invalid keyword argument for OfficePickup
INFO:     127.0.0.1:61243 - "GET /.well-known/appspecific/com.chrome.devtools.json HTTP/1.1" 404 Not Found
INFO:     127.0.0.1:61775 - "POST /api/v1/water/pickup HTTP/1.1" 500 Internal Server Error
ERROR:    Exception in ASGI application
Traceback (most recent call last):
  File "/Users/sgl/PycharmProjects/AIchanyejiqun/.venv/lib/python3.14/site-packages/uvicorn/protocols/http/h11_impl.py", line 410, in run_asgi
    result = await app(  # type: ignore[func-returns-value]
             ^^^^^^^^^^^^^^^^^^^^^^^^^^^^^^^^^^^^^^^^^^^^^^
        self.scope, self.receive, self.send
        ^^^^^^^^^^^^^^^^^^^^^^^^^^^^^^^^^^^
    )
    ^
  File "/Users/sgl/PycharmProjects/AIchanyejiqun/.venv/lib/python3.14/site-packages/uvicorn/middleware/proxy_headers.py", line 60, in __call__
    return await self.app(scope, receive, send)
           ^^^^^^^^^^^^^^^^^^^^^^^^^^^^^^^^^^^^
  File "/Users/sgl/PycharmProjects/AIchanyejiqun/.venv/lib/python3.14/site-packages/fastapi/applications.py", line 1160, in __call__
    await super().__call__(scope, receive, send)
  File "/Users/sgl/PycharmProjects/AIchanyejiqun/.venv/lib/python3.14/site-packages/starlette/applications.py", line 90, in __call__
    await self.middleware_stack(scope, receive, send)
  File "/Users/sgl/PycharmProjects/AIchanyejiqun/.venv/lib/python3.14/site-packages/starlette/middleware/errors.py", line 186, in __call__
    raise exc
  File "/Users/sgl/PycharmProjects/AIchanyejiqun/.venv/lib/python3.14/site-packages/starlette/middleware/errors.py", line 164, in __call__
    await self.app(scope, receive, _send)
  File "/Users/sgl/PycharmProjects/AIchanyejiqun/.venv/lib/python3.14/site-packages/starlette/middleware/cors.py", line 88, in __call__
    await self.app(scope, receive, send)
  File "/Users/sgl/PycharmProjects/AIchanyejiqun/.venv/lib/python3.14/site-packages/starlette/middleware/exceptions.py", line 63, in __call__
    await wrap_app_handling_exceptions(self.app, conn)(scope, receive, send)
  File "/Users/sgl/PycharmProjects/AIchanyejiqun/.venv/lib/python3.14/site-packages/starlette/_exception_handler.py", line 53, in wrapped_app
    raise exc
  File "/Users/sgl/PycharmProjects/AIchanyejiqun/.venv/lib/python3.14/site-packages/starlette/_exception_handler.py", line 42, in wrapped_app
    await app(scope, receive, sender)
  File "/Users/sgl/PycharmProjects/AIchanyejiqun/.venv/lib/python3.14/site-packages/fastapi/middleware/asyncexitstack.py", line 18, in __call__
    await self.app(scope, receive, send)
  File "/Users/sgl/PycharmProjects/AIchanyejiqun/.venv/lib/python3.14/site-packages/starlette/routing.py", line 660, in __call__
    await self.middleware_stack(scope, receive, send)
  File "/Users/sgl/PycharmProjects/AIchanyejiqun/.venv/lib/python3.14/site-packages/starlette/routing.py", line 680, in app
    await route.handle(scope, receive, send)
  File "/Users/sgl/PycharmProjects/AIchanyejiqun/.venv/lib/python3.14/site-packages/starlette/routing.py", line 276, in handle
    await self.app(scope, receive, send)
  File "/Users/sgl/PycharmProjects/AIchanyejiqun/.venv/lib/python3.14/site-packages/fastapi/routing.py", line 130, in app
    await wrap_app_handling_exceptions(app, request)(scope, receive, send)
  File "/Users/sgl/PycharmProjects/AIchanyejiqun/.venv/lib/python3.14/site-packages/starlette/_exception_handler.py", line 53, in wrapped_app
    raise exc
  File "/Users/sgl/PycharmProjects/AIchanyejiqun/.venv/lib/python3.14/site-packages/starlette/_exception_handler.py", line 42, in wrapped_app
    await app(scope, receive, sender)
  File "/Users/sgl/PycharmProjects/AIchanyejiqun/.venv/lib/python3.14/site-packages/fastapi/routing.py", line 116, in app
    response = await f(request)
               ^^^^^^^^^^^^^^^^
  File "/Users/sgl/PycharmProjects/AIchanyejiqun/.venv/lib/python3.14/site-packages/fastapi/routing.py", line 670, in app
    raw_response = await run_endpoint_function(
                   ^^^^^^^^^^^^^^^^^^^^^^^^^^^^
    ...<3 lines>...
    )
    ^
  File "/Users/sgl/PycharmProjects/AIchanyejiqun/.venv/lib/python3.14/site-packages/fastapi/routing.py", line 326, in run_endpoint_function
    return await run_in_threadpool(dependant.call, **values)
           ^^^^^^^^^^^^^^^^^^^^^^^^^^^^^^^^^^^^^^^^^^^^^^^^^
  File "/Users/sgl/PycharmProjects/AIchanyejiqun/.venv/lib/python3.14/site-packages/starlette/concurrency.py", line 32, in run_in_threadpool
    return await anyio.to_thread.run_sync(func)
           ^^^^^^^^^^^^^^^^^^^^^^^^^^^^^^^^^^^^
  File "/Users/sgl/PycharmProjects/AIchanyejiqun/.venv/lib/python3.14/site-packages/anyio/to_thread.py", line 63, in run_sync
    return await get_async_backend().run_sync_in_worker_thread(
           ^^^^^^^^^^^^^^^^^^^^^^^^^^^^^^^^^^^^^^^^^^^^^^^^^^^^
        func, args, abandon_on_cancel=abandon_on_cancel, limiter=limiter
        ^^^^^^^^^^^^^^^^^^^^^^^^^^^^^^^^^^^^^^^^^^^^^^^^^^^^^^^^^^^^^^^^
    )
    ^
  File "/Users/sgl/PycharmProjects/AIchanyejiqun/.venv/lib/python3.14/site-packages/anyio/_backends/_asyncio.py", line 2502, in run_sync_in_worker_thread
    return await future
           ^^^^^^^^^^^^
  File "/Users/sgl/PycharmProjects/AIchanyejiqun/.venv/lib/python3.14/site-packages/anyio/_backends/_asyncio.py", line 986, in run
    result = context.run(func, *args)
  File "/Users/sgl/PycharmProjects/AIchanyejiqun/Service_WaterManage/backend/main.py", line 355, in v1_create_pickup
    return create_office_pickup(pickup=pickup_data, db=db, current_user=current_user)
  File "/Users/sgl/PycharmProjects/AIchanyejiqun/Service_WaterManage/backend/api/water.py", line 120, in create_office_pickup
    new_pickup = OfficePickup(
        office_id=office_id,
    ...<13 lines>...
        settlement_status="pending",
    )
  File "<string>", line 4, in __init__
  File "/Users/sgl/PycharmProjects/AIchanyejiqun/.venv/lib/python3.14/site-packages/sqlalchemy/orm/state.py", line 596, in _initialize_instance
    with util.safe_reraise():
         ~~~~~~~~~~~~~~~~~^^
  File "/Users/sgl/PycharmProjects/AIchanyejiqun/.venv/lib/python3.14/site-packages/sqlalchemy/util/langhelpers.py", line 121, in __exit__
    raise exc_value.with_traceback(exc_tb)
  File "/Users/sgl/PycharmProjects/AIchanyejiqun/.venv/lib/python3.14/site-packages/sqlalchemy/orm/state.py", line 594, in _initialize_instance
    manager.original_init(*mixed[1:], **kwargs)
    ~~~~~~~~~~~~~~~~~~~~~^^^^^^^^^^^^^^^^^^^^^^
  File "/Users/sgl/PycharmProjects/AIchanyejiqun/.venv/lib/python3.14/site-packages/sqlalchemy/orm/decl_base.py", line 2179, in _declarative_constructor
    raise TypeError(
        "%r is an invalid keyword argument for %s" % (k, cls_.__name__)
    )
TypeError: 'free_qty' is an invalid keyword argument for OfficePickup
INFO:     Shutting down
INFO:     Waiting for application shutdown.
INFO:     Application shutdown complete.
INFO:     Finished server process [57322]
                                                                                                                                                                                                                                                                                                                                                                                                                                                                                                                                                                                                                                                                                                                                                                                                                                                                                                                                                                                                                                                                                                                                                                                                                                                                                                                                                                                                                                                                                                                                                                                                                                                                                                                                                                                                                                                                                                                                                                                                                                                                                                                                                                                                                                                                                                                                                                                                                                                                                                                                                                                                                                                                                                                                                                                                                                                                                                                                                                                                                                                                                                                                                                                                                                                                                                                                                                                                                                                                                                                                                                                                                                                                                                                                                                                                                                                                                                                                                                                                                                                                                                                                                                                                                                                                                                                                                                                                                                                                                                                                                                                                                                                                                                                                                                                                                                                                                                                                                                                                                                                                                                                                                                                                                                                                                                                                                                                                                                                                                                                                                                                                                                                                                                                                                                                                                                                                                                                                                                                                                                                                                                                                                                                                                                                                                                                                                                                                                                                                                                                                                                                                                                                                                                                                                                                                                                                                                                                                                                                                                                                                                                                                                                                                                                                                                                                                                                                                                                                                                                                                                                                                                                                                                                                                                                                                                                                                                                                                                                                                                                                                                                                                                                                                                                                                                                                                                                                                                                                                                                                                                                                                                                                                                                                                                                                                                                                                                                                                                                                                                                                                                                                                                                                                                                                                                                                                                                                                                                                                                                                                                                                                                                                                                                                                                                                                                                                                                                                                                                                                                                                                                                                                                                                                                                                                                                                                                                                                                                                                                                                                                                                                                                                                                                                                                                                                                                                                                                                                                                                                                                                                                                                                                                                                                                                                                                                                                                                                                                                                                                                                                                                                                                                                                                                                                                                                                                                                                                                                                                                                                                                                                                                                                                                                                                                                                                                                                                                                                                                                                                                                                                                                                                                                                                                                                                                                                                                                                                                                                                                                                                                                                                                                                                                                                                                                                                                                                                                                                                                                                                                                                                                                                                                                                                                                                                                                                                                                                                                                                                                                                                                                                                                                                                                                                                                                                                                                                                                                                                                                                                                                                                                                                                                                                                                                                                                                                                                                                                                                                                                                                                                                                                                                                                                                                                                                                                                                                                                                                                                                                                                                                                                                                                                                                                                                                                                                                                                                                                                                                                                                                                                                                                                                                                                                                                                                                                                                                                                                                                                                                                                                                                                                                                                                                                                                                                                                                                                                                                                                                                                                                                                                                                                                                                                                                                                                                                                                                                                                                                                                                                                                                                                                                                                                                                                                                                                                                                                                                                                                                                                                                                                                                                                                                                                                                                                                                                                                                                                                                                                                                                                                                                                                                                                                                                                                                                                                                                                                                                                                                                                                                                                                                                                                                                                                                                                                                                                                                                                                                                                                                                                                                                                                                                                                                                                                                                                                                                                                                                                                                                                                                                                                                                                                                                                                                                                                                                                                                                                                                                                                                                                                                                                                                                                                                                                                                                                                                                                                                                                                                                                                                                                                                                                                                                                                                                                                                                                                                                                                                                                                                                                                                                                                                                                                                                                                                                                                                                                                                                                                                                                                                                                                                                                                                                                                                                                                                                                                                                                                                                                                                                                                                                                                                                                                                                                                                                                                                                                                                                                                                                                                                                                                                                                                                                                                                                                                                                                                                                                                                                                                                                                                                                                                                                                                                                                                                                                                                                                                                                                                                                                                                                                                                                                                                                                                                                                                                                                                                                                                                                                                                                                                                                                                                                                                                                                                                                                                                                                                                                                                                                                                                                                                                                                                                                                                                                                                                                                                                                                                                                                                                                                                                                                                                                                                                                                                                                                                                                                                                                                                                                                                                                                                                                                                                                                                                                                                                                                                                                                                                                                                                                                                                                                                                                                                                                                                                                                                                                                                                                                                                                                                                                                                                                                                                                                                                                                                                                                                                                                                                                                                                                                                                                                                                                                                                                                                                                                                                                                                                                                                                                                                                                                                                                                                                                                                                                                                                                                                                                                                                                                                                                                                                                                                                                                                                                                                                                                                                                                                                                                                                                                                                                                                                                                                                                                                                                                                                                                                                                                                                                                                                                                                                                                                                                                                                                                                                                                                                                                                                                                                                                                                                                                                                                                                                                                                                                                                                                                                                                                                                                                                                                                                                                                                                                                                                                                                                                                                                                                                                                                                                                                                                                                                                                                                                                                                                                                                                                                                                                                                                                                                                                                                                                                                                                                                                                                                                                                                                                                                                                                                                                                                                                                                                                                                                                                                                                                                                                                                                                                                                                                                                                                                                                                                                                                                                                                                                                                                                                                                                                                                                                                                                                                                                                                                                                                                                                                                                                                                                             INFO:     Shutting down
INFO:     Waiting for application shutdown.
INFO:     Application shutdown complete.
INFO:     Finished server process [23329]
