✓ 挂载Portal目录: /Users/sgl/PycharmProjects/AIchanyejiqun/Service_WaterManage/backend/../../portal
✓ 挂载水站前端目录: /Users/sgl/PycharmProjects/AIchanyejiqun/Service_WaterManage/backend/../../Service_WaterManage/frontend
✓ 挂载会议室前端目录: /Users/sgl/PycharmProjects/AIchanyejiqun/Service_WaterManage/backend/../../Service_MeetingRoom/frontend
✅ 会议数据库路径: /Users/sgl/PycharmProjects/AIchanyejiqun/Service_MeetingRoom/backend/meeting.db
✅ 会议审批数据库路径: /Users/sgl/PycharmProjects/AIchanyejiqun/Service_MeetingRoom/backend/meeting.db
✓ 挂载Portal目录: /Users/sgl/PycharmProjects/AIchanyejiqun/Service_WaterManage/backend/../../portal
✓ 挂载水站前端目录: /Users/sgl/PycharmProjects/AIchanyejiqun/Service_WaterManage/backend/../../Service_WaterManage/frontend
✓ 挂载会议室前端目录: /Users/sgl/PycharmProjects/AIchanyejiqun/Service_WaterManage/backend/../../Service_MeetingRoom/frontend
✓ 挂载Portal目录: /Users/sgl/PycharmProjects/AIchanyejiqun/Service_WaterManage/backend/../../portal
✓ 挂载水站前端目录: /Users/sgl/PycharmProjects/AIchanyejiqun/Service_WaterManage/backend/../../Service_WaterManage/frontend
✓ 挂载会议室前端目录: /Users/sgl/PycharmProjects/AIchanyejiqun/Service_WaterManage/backend/../../Service_MeetingRoom/frontend
✓ 挂载Portal目录: /Users/sgl/PycharmProjects/AIchanyejiqun/Service_WaterManage/backend/../../portal
✓ 挂载水站前端目录: /Users/sgl/PycharmProjects/AIchanyejiqun/Service_WaterManage/backend/../../Service_WaterManage/frontend
✓ 挂载会议室前端目录: /Users/sgl/PycharmProjects/AIchanyejiqun/Service_WaterManage/backend/../../Service_MeetingRoom/frontend

============================================================
企业服务平台启动成功！
============================================================

访问地址:
  - Portal首页: http://localhost:8059/portal/index.html
  - 水站管理: http://localhost:8059/water-admin/index.html
  - 管理后台: http://localhost:8059/portal/admin/login.html
  - API文档: http://localhost:8059/docs
============================================================

INFO:     Started server process [84796]
INFO:     Waiting for application startup.
INFO:     Application startup complete.
INFO:     Uvicorn running on http://0.0.0.0:8059 (Press CTRL+C to quit)
INFO:     127.0.0.1:55444 - "GET /portal/index.html HTTP/1.1" 200 OK
INFO:     127.0.0.1:55444 - "GET /portal/assets/css/design-system.css HTTP/1.1" 200 OK
INFO:     127.0.0.1:55445 - "GET /water/components/UserHeader.css HTTP/1.1" 200 OK
INFO:     127.0.0.1:55446 - "GET /water/components/UserHeader.js HTTP/1.1" 200 OK
INFO:     127.0.0.1:55444 - "GET /api/meeting/user/1/free-hours HTTP/1.1" 200 OK
INFO:     127.0.0.1:55445 - "GET /api/unified/settlement/summary?user_id=1 HTTP/1.1" 500 Internal Server Error
ERROR:    Exception in ASGI application
Traceback (most recent call last):
  File "/Users/sgl/PycharmProjects/AIchanyejiqun/.venv/lib/python3.14/site-packages/sqlalchemy/engine/base.py", line 1967, in _exec_single_context
    self.dialect.do_execute(
    ~~~~~~~~~~~~~~~~~~~~~~~^
        cursor, str_statement, effective_parameters, context
        ^^^^^^^^^^^^^^^^^^^^^^^^^^^^^^^^^^^^^^^^^^^^^^^^^^^^
    )
    ^
  File "/Users/sgl/PycharmProjects/AIchanyejiqun/.venv/lib/python3.14/site-packages/sqlalchemy/engine/default.py", line 952, in do_execute
    cursor.execute(statement, parameters)
    ~~~~~~~~~~~~~~^^^^^^^^^^^^^^^^^^^^^^^
sqlite3.OperationalError: no such table: transactions_v2

The above exception was the direct cause of the following exception:

Traceback (most recent call last):
  File "/Users/sgl/PycharmProjects/AIchanyejiqun/.venv/lib/python3.14/site-packages/uvicorn/protocols/http/h11_impl.py", line 410, in run_asgi
    result = await app(  # type: ignore[func-returns-value]
             ^^^^^^^^^^^^^^^^^^^^^^^^^^^^^^^^^^^^^^^^^^^^^^
        self.scope, self.receive, self.send
        ^^^^^^^^^^^^^^^^^^^^^^^^^^^^^^^^^^^
    )
    ^
  File "/Users/sgl/PycharmProjects/AIchanyejiqun/.venv/lib/python3.14/site-packages/uvicorn/middleware/proxy_headers.py", line 60, in __call__
    return await self.app(scope, receive, send)
           ^^^^^^^^^^^^^^^^^^^^^^^^^^^^^^^^^^^^
  File "/Users/sgl/PycharmProjects/AIchanyejiqun/.venv/lib/python3.14/site-packages/fastapi/applications.py", line 1160, in __call__
    await super().__call__(scope, receive, send)
  File "/Users/sgl/PycharmProjects/AIchanyejiqun/.venv/lib/python3.14/site-packages/starlette/applications.py", line 90, in __call__
    await self.middleware_stack(scope, receive, send)
  File "/Users/sgl/PycharmProjects/AIchanyejiqun/.venv/lib/python3.14/site-packages/starlette/middleware/errors.py", line 186, in __call__
    raise exc
  File "/Users/sgl/PycharmProjects/AIchanyejiqun/.venv/lib/python3.14/site-packages/starlette/middleware/errors.py", line 164, in __call__
    await self.app(scope, receive, _send)
  File "/Users/sgl/PycharmProjects/AIchanyejiqun/.venv/lib/python3.14/site-packages/starlette/middleware/cors.py", line 88, in __call__
    await self.app(scope, receive, send)
  File "/Users/sgl/PycharmProjects/AIchanyejiqun/.venv/lib/python3.14/site-packages/starlette/middleware/exceptions.py", line 63, in __call__
    await wrap_app_handling_exceptions(self.app, conn)(scope, receive, send)
  File "/Users/sgl/PycharmProjects/AIchanyejiqun/.venv/lib/python3.14/site-packages/starlette/_exception_handler.py", line 53, in wrapped_app
    raise exc
  File "/Users/sgl/PycharmProjects/AIchanyejiqun/.venv/lib/python3.14/site-packages/starlette/_exception_handler.py", line 42, in wrapped_app
    await app(scope, receive, sender)
  File "/Users/sgl/PycharmProjects/AIchanyejiqun/.venv/lib/python3.14/site-packages/fastapi/middleware/asyncexitstack.py", line 18, in __call__
    await self.app(scope, receive, send)
  File "/Users/sgl/PycharmProjects/AIchanyejiqun/.venv/lib/python3.14/site-packages/starlette/routing.py", line 660, in __call__
    await self.middleware_stack(scope, receive, send)
  File "/Users/sgl/PycharmProjects/AIchanyejiqun/.venv/lib/python3.14/site-packages/starlette/routing.py", line 680, in app
    await route.handle(scope, receive, send)
  File "/Users/sgl/PycharmProjects/AIchanyejiqun/.venv/lib/python3.14/site-packages/starlette/routing.py", line 276, in handle
    await self.app(scope, receive, send)
  File "/Users/sgl/PycharmProjects/AIchanyejiqun/.venv/lib/python3.14/site-packages/fastapi/routing.py", line 130, in app
    await wrap_app_handling_exceptions(app, request)(scope, receive, send)
  File "/Users/sgl/PycharmProjects/AIchanyejiqun/.venv/lib/python3.14/site-packages/starlette/_exception_handler.py", line 53, in wrapped_app
    raise exc
  File "/Users/sgl/PycharmProjects/AIchanyejiqun/.venv/lib/python3.14/site-packages/starlette/_exception_handler.py", line 42, in wrapped_app
    await app(scope, receive, sender)
  File "/Users/sgl/PycharmProjects/AIchanyejiqun/.venv/lib/python3.14/site-packages/fastapi/routing.py", line 116, in app
    response = await f(request)
               ^^^^^^^^^^^^^^^^
  File "/Users/sgl/PycharmProjects/AIchanyejiqun/.venv/lib/python3.14/site-packages/fastapi/routing.py", line 670, in app
    raw_response = await run_endpoint_function(
                   ^^^^^^^^^^^^^^^^^^^^^^^^^^^^
    ...<3 lines>...
    )
    ^
  File "/Users/sgl/PycharmProjects/AIchanyejiqun/.venv/lib/python3.14/site-packages/fastapi/routing.py", line 326, in run_endpoint_function
    return await run_in_threadpool(dependant.call, **values)
           ^^^^^^^^^^^^^^^^^^^^^^^^^^^^^^^^^^^^^^^^^^^^^^^^^
  File "/Users/sgl/PycharmProjects/AIchanyejiqun/.venv/lib/python3.14/site-packages/starlette/concurrency.py", line 32, in run_in_threadpool
    return await anyio.to_thread.run_sync(func)
           ^^^^^^^^^^^^^^^^^^^^^^^^^^^^^^^^^^^^
  File "/Users/sgl/PycharmProjects/AIchanyejiqun/.venv/lib/python3.14/site-packages/anyio/to_thread.py", line 63, in run_sync
    return await get_async_backend().run_sync_in_worker_thread(
           ^^^^^^^^^^^^^^^^^^^^^^^^^^^^^^^^^^^^^^^^^^^^^^^^^^^^
        func, args, abandon_on_cancel=abandon_on_cancel, limiter=limiter
        ^^^^^^^^^^^^^^^^^^^^^^^^^^^^^^^^^^^^^^^^^^^^^^^^^^^^^^^^^^^^^^^^
    )
    ^
  File "/Users/sgl/PycharmProjects/AIchanyejiqun/.venv/lib/python3.14/site-packages/anyio/_backends/_asyncio.py", line 2502, in run_sync_in_worker_thread
    return await future
           ^^^^^^^^^^^^
  File "/Users/sgl/PycharmProjects/AIchanyejiqun/.venv/lib/python3.14/site-packages/anyio/_backends/_asyncio.py", line 986, in run
    result = context.run(func, *args)
  File "/Users/sgl/PycharmProjects/AIchanyejiqun/Service_WaterManage/backend/api_unified.py", line 802, in get_settlement_summary
    .scalar()
     ~~~~~~^^
  File "/Users/sgl/PycharmProjects/AIchanyejiqun/.venv/lib/python3.14/site-packages/sqlalchemy/orm/query.py", line 2835, in scalar
    ret = self.one()
  File "/Users/sgl/PycharmProjects/AIchanyejiqun/.venv/lib/python3.14/site-packages/sqlalchemy/orm/query.py", line 2808, in one
    return self._iter().one()  # type: ignore
           ~~~~~~~~~~^^
  File "/Users/sgl/PycharmProjects/AIchanyejiqun/.venv/lib/python3.14/site-packages/sqlalchemy/orm/query.py", line 2857, in _iter
    result: Union[ScalarResult[_T], Result[_T]] = self.session.execute(
                                                  ~~~~~~~~~~~~~~~~~~~~^
        statement,
        ^^^^^^^^^^
        params,
        ^^^^^^^
        execution_options={"_sa_orm_load_options": self.load_options},
        ^^^^^^^^^^^^^^^^^^^^^^^^^^^^^^^^^^^^^^^^^^^^^^^^^^^^^^^^^^^^^^
    )
    ^
  File "/Users/sgl/PycharmProjects/AIchanyejiqun/.venv/lib/python3.14/site-packages/sqlalchemy/orm/session.py", line 2351, in execute
    return self._execute_internal(
           ~~~~~~~~~~~~~~~~~~~~~~^
        statement,
        ^^^^^^^^^^
    ...<4 lines>...
        _add_event=_add_event,
        ^^^^^^^^^^^^^^^^^^^^^^
    )
    ^
  File "/Users/sgl/PycharmProjects/AIchanyejiqun/.venv/lib/python3.14/site-packages/sqlalchemy/orm/session.py", line 2249, in _execute_internal
    result: Result[Any] = compile_state_cls.orm_execute_statement(
                          ~~~~~~~~~~~~~~~~~~~~~~~~~~~~~~~~~~~~~~~^
        self,
        ^^^^^
    ...<4 lines>...
        conn,
        ^^^^^
    )
    ^
  File "/Users/sgl/PycharmProjects/AIchanyejiqun/.venv/lib/python3.14/site-packages/sqlalchemy/orm/context.py", line 306, in orm_execute_statement
    result = conn.execute(
        statement, params or {}, execution_options=execution_options
    )
  File "/Users/sgl/PycharmProjects/AIchanyejiqun/.venv/lib/python3.14/site-packages/sqlalchemy/engine/base.py", line 1419, in execute
    return meth(
        self,
        distilled_parameters,
        execution_options or NO_OPTIONS,
    )
  File "/Users/sgl/PycharmProjects/AIchanyejiqun/.venv/lib/python3.14/site-packages/sqlalchemy/sql/elements.py", line 527, in _execute_on_connection
    return connection._execute_clauseelement(
           ~~~~~~~~~~~~~~~~~~~~~~~~~~~~~~~~~^
        self, distilled_params, execution_options
        ^^^^^^^^^^^^^^^^^^^^^^^^^^^^^^^^^^^^^^^^^
    )
    ^
  File "/Users/sgl/PycharmProjects/AIchanyejiqun/.venv/lib/python3.14/site-packages/sqlalchemy/engine/base.py", line 1641, in _execute_clauseelement
    ret = self._execute_context(
        dialect,
    ...<8 lines>...
        cache_hit=cache_hit,
    )
  File "/Users/sgl/PycharmProjects/AIchanyejiqun/.venv/lib/python3.14/site-packages/sqlalchemy/engine/base.py", line 1846, in _execute_context
    return self._exec_single_context(
           ~~~~~~~~~~~~~~~~~~~~~~~~~^
        dialect, context, statement, parameters
        ^^^^^^^^^^^^^^^^^^^^^^^^^^^^^^^^^^^^^^^
    )
    ^
  File "/Users/sgl/PycharmProjects/AIchanyejiqun/.venv/lib/python3.14/site-packages/sqlalchemy/engine/base.py", line 1986, in _exec_single_context
    self._handle_dbapi_exception(
    ~~~~~~~~~~~~~~~~~~~~~~~~~~~~^
        e, str_statement, effective_parameters, cursor, context
        ^^^^^^^^^^^^^^^^^^^^^^^^^^^^^^^^^^^^^^^^^^^^^^^^^^^^^^^
    )
    ^
  File "/Users/sgl/PycharmProjects/AIchanyejiqun/.venv/lib/python3.14/site-packages/sqlalchemy/engine/base.py", line 2363, in _handle_dbapi_exception
    raise sqlalchemy_exception.with_traceback(exc_info[2]) from e
  File "/Users/sgl/PycharmProjects/AIchanyejiqun/.venv/lib/python3.14/site-packages/sqlalchemy/engine/base.py", line 1967, in _exec_single_context
    self.dialect.do_execute(
    ~~~~~~~~~~~~~~~~~~~~~~~^
        cursor, str_statement, effective_parameters, context
        ^^^^^^^^^^^^^^^^^^^^^^^^^^^^^^^^^^^^^^^^^^^^^^^^^^^^
    )
    ^
  File "/Users/sgl/PycharmProjects/AIchanyejiqun/.venv/lib/python3.14/site-packages/sqlalchemy/engine/default.py", line 952, in do_execute
    cursor.execute(statement, parameters)
    ~~~~~~~~~~~~~~^^^^^^^^^^^^^^^^^^^^^^^
sqlalchemy.exc.OperationalError: (sqlite3.OperationalError) no such table: transactions_v2
[SQL: SELECT sum(transactions_v2.remaining_amount) AS sum_1 
FROM transactions_v2 
WHERE transactions_v2.user_id = ? AND transactions_v2.mode = ? AND transactions_v2.status = ?]
[parameters: (1, 'credit', 'pending')]
(Background on this error at: https://sqlalche.me/e/20/e3q8)
INFO:     127.0.0.1:55446 - "GET /api/unified/user/1/balance HTTP/1.1" 500 Internal Server Error
ERROR:    Exception in ASGI application
Traceback (most recent call last):
  File "/Users/sgl/PycharmProjects/AIchanyejiqun/.venv/lib/python3.14/site-packages/sqlalchemy/engine/base.py", line 1967, in _exec_single_context
    self.dialect.do_execute(
    ~~~~~~~~~~~~~~~~~~~~~~~^
        cursor, str_statement, effective_parameters, context
        ^^^^^^^^^^^^^^^^^^^^^^^^^^^^^^^^^^^^^^^^^^^^^^^^^^^^
    )
    ^
  File "/Users/sgl/PycharmProjects/AIchanyejiqun/.venv/lib/python3.14/site-packages/sqlalchemy/engine/default.py", line 952, in do_execute
    cursor.execute(statement, parameters)
    ~~~~~~~~~~~~~~^^^^^^^^^^^^^^^^^^^^^^^
sqlite3.OperationalError: no such table: account_wallet

The above exception was the direct cause of the following exception:

Traceback (most recent call last):
  File "/Users/sgl/PycharmProjects/AIchanyejiqun/.venv/lib/python3.14/site-packages/uvicorn/protocols/http/h11_impl.py", line 410, in run_asgi
    result = await app(  # type: ignore[func-returns-value]
             ^^^^^^^^^^^^^^^^^^^^^^^^^^^^^^^^^^^^^^^^^^^^^^
        self.scope, self.receive, self.send
        ^^^^^^^^^^^^^^^^^^^^^^^^^^^^^^^^^^^
    )
    ^
  File "/Users/sgl/PycharmProjects/AIchanyejiqun/.venv/lib/python3.14/site-packages/uvicorn/middleware/proxy_headers.py", line 60, in __call__
    return await self.app(scope, receive, send)
           ^^^^^^^^^^^^^^^^^^^^^^^^^^^^^^^^^^^^
  File "/Users/sgl/PycharmProjects/AIchanyejiqun/.venv/lib/python3.14/site-packages/fastapi/applications.py", line 1160, in __call__
    await super().__call__(scope, receive, send)
  File "/Users/sgl/PycharmProjects/AIchanyejiqun/.venv/lib/python3.14/site-packages/starlette/applications.py", line 90, in __call__
    await self.middleware_stack(scope, receive, send)
  File "/Users/sgl/PycharmProjects/AIchanyejiqun/.venv/lib/python3.14/site-packages/starlette/middleware/errors.py", line 186, in __call__
    raise exc
  File "/Users/sgl/PycharmProjects/AIchanyejiqun/.venv/lib/python3.14/site-packages/starlette/middleware/errors.py", line 164, in __call__
    await self.app(scope, receive, _send)
  File "/Users/sgl/PycharmProjects/AIchanyejiqun/.venv/lib/python3.14/site-packages/starlette/middleware/cors.py", line 88, in __call__
    await self.app(scope, receive, send)
  File "/Users/sgl/PycharmProjects/AIchanyejiqun/.venv/lib/python3.14/site-packages/starlette/middleware/exceptions.py", line 63, in __call__
    await wrap_app_handling_exceptions(self.app, conn)(scope, receive, send)
  File "/Users/sgl/PycharmProjects/AIchanyejiqun/.venv/lib/python3.14/site-packages/starlette/_exception_handler.py", line 53, in wrapped_app
    raise exc
  File "/Users/sgl/PycharmProjects/AIchanyejiqun/.venv/lib/python3.14/site-packages/starlette/_exception_handler.py", line 42, in wrapped_app
    await app(scope, receive, sender)
  File "/Users/sgl/PycharmProjects/AIchanyejiqun/.venv/lib/python3.14/site-packages/fastapi/middleware/asyncexitstack.py", line 18, in __call__
    await self.app(scope, receive, send)
  File "/Users/sgl/PycharmProjects/AIchanyejiqun/.venv/lib/python3.14/site-packages/starlette/routing.py", line 660, in __call__
    await self.middleware_stack(scope, receive, send)
  File "/Users/sgl/PycharmProjects/AIchanyejiqun/.venv/lib/python3.14/site-packages/starlette/routing.py", line 680, in app
    await route.handle(scope, receive, send)
  File "/Users/sgl/PycharmProjects/AIchanyejiqun/.venv/lib/python3.14/site-packages/starlette/routing.py", line 276, in handle
    await self.app(scope, receive, send)
  File "/Users/sgl/PycharmProjects/AIchanyejiqun/.venv/lib/python3.14/site-packages/fastapi/routing.py", line 130, in app
    await wrap_app_handling_exceptions(app, request)(scope, receive, send)
  File "/Users/sgl/PycharmProjects/AIchanyejiqun/.venv/lib/python3.14/site-packages/starlette/_exception_handler.py", line 53, in wrapped_app
    raise exc
  File "/Users/sgl/PycharmProjects/AIchanyejiqun/.venv/lib/python3.14/site-packages/starlette/_exception_handler.py", line 42, in wrapped_app
    await app(scope, receive, sender)
  File "/Users/sgl/PycharmProjects/AIchanyejiqun/.venv/lib/python3.14/site-packages/fastapi/routing.py", line 116, in app
    response = await f(request)
               ^^^^^^^^^^^^^^^^
  File "/Users/sgl/PycharmProjects/AIchanyejiqun/.venv/lib/python3.14/site-packages/fastapi/routing.py", line 670, in app
    raw_response = await run_endpoint_function(
                   ^^^^^^^^^^^^^^^^^^^^^^^^^^^^
    ...<3 lines>...
    )
    ^
  File "/Users/sgl/PycharmProjects/AIchanyejiqun/.venv/lib/python3.14/site-packages/fastapi/routing.py", line 326, in run_endpoint_function
    return await run_in_threadpool(dependant.call, **values)
           ^^^^^^^^^^^^^^^^^^^^^^^^^^^^^^^^^^^^^^^^^^^^^^^^^
  File "/Users/sgl/PycharmProjects/AIchanyejiqun/.venv/lib/python3.14/site-packages/starlette/concurrency.py", line 32, in run_in_threadpool
    return await anyio.to_thread.run_sync(func)
           ^^^^^^^^^^^^^^^^^^^^^^^^^^^^^^^^^^^^
  File "/Users/sgl/PycharmProjects/AIchanyejiqun/.venv/lib/python3.14/site-packages/anyio/to_thread.py", line 63, in run_sync
    return await get_async_backend().run_sync_in_worker_thread(
           ^^^^^^^^^^^^^^^^^^^^^^^^^^^^^^^^^^^^^^^^^^^^^^^^^^^^
        func, args, abandon_on_cancel=abandon_on_cancel, limiter=limiter
        ^^^^^^^^^^^^^^^^^^^^^^^^^^^^^^^^^^^^^^^^^^^^^^^^^^^^^^^^^^^^^^^^
    )
    ^
  File "/Users/sgl/PycharmProjects/AIchanyejiqun/.venv/lib/python3.14/site-packages/anyio/_backends/_asyncio.py", line 2502, in run_sync_in_worker_thread
    return await future
           ^^^^^^^^^^^^
  File "/Users/sgl/PycharmProjects/AIchanyejiqun/.venv/lib/python3.14/site-packages/anyio/_backends/_asyncio.py", line 986, in run
    result = context.run(func, *args)
  File "/Users/sgl/PycharmProjects/AIchanyejiqun/Service_WaterManage/backend/api_unified.py", line 438, in get_user_balance
    result = service.get_user_pickup_balance(user_id, product_id)
  File "/Users/sgl/PycharmProjects/AIchanyejiqun/Service_WaterManage/backend/account_service.py", line 604, in get_user_pickup_balance
    balance = self.account_service.get_total_balance(user_id, product.id)
  File "/Users/sgl/PycharmProjects/AIchanyejiqun/Service_WaterManage/backend/account_service.py", line 92, in get_total_balance
    credit_wallet = self.get_wallet(user_id, product_id, 'credit')
  File "/Users/sgl/PycharmProjects/AIchanyejiqun/Service_WaterManage/backend/account_service.py", line 47, in get_wallet
    ).first()
      ~~~~~^^
  File "/Users/sgl/PycharmProjects/AIchanyejiqun/.venv/lib/python3.14/site-packages/sqlalchemy/orm/query.py", line 2759, in first
    return self.limit(1)._iter().first()  # type: ignore
           ~~~~~~~~~~~~~~~~~~~^^
  File "/Users/sgl/PycharmProjects/AIchanyejiqun/.venv/lib/python3.14/site-packages/sqlalchemy/orm/query.py", line 2857, in _iter
    result: Union[ScalarResult[_T], Result[_T]] = self.session.execute(
                                                  ~~~~~~~~~~~~~~~~~~~~^
        statement,
        ^^^^^^^^^^
        params,
        ^^^^^^^
        execution_options={"_sa_orm_load_options": self.load_options},
        ^^^^^^^^^^^^^^^^^^^^^^^^^^^^^^^^^^^^^^^^^^^^^^^^^^^^^^^^^^^^^^
    )
    ^
  File "/Users/sgl/PycharmProjects/AIchanyejiqun/.venv/lib/python3.14/site-packages/sqlalchemy/orm/session.py", line 2351, in execute
    return self._execute_internal(
           ~~~~~~~~~~~~~~~~~~~~~~^
        statement,
        ^^^^^^^^^^
    ...<4 lines>...
        _add_event=_add_event,
        ^^^^^^^^^^^^^^^^^^^^^^
    )
    ^
  File "/Users/sgl/PycharmProjects/AIchanyejiqun/.venv/lib/python3.14/site-packages/sqlalchemy/orm/session.py", line 2249, in _execute_internal
    result: Result[Any] = compile_state_cls.orm_execute_statement(
                          ~~~~~~~~~~~~~~~~~~~~~~~~~~~~~~~~~~~~~~~^
        self,
        ^^^^^
    ...<4 lines>...
        conn,
        ^^^^^
    )
    ^
  File "/Users/sgl/PycharmProjects/AIchanyejiqun/.venv/lib/python3.14/site-packages/sqlalchemy/orm/context.py", line 306, in orm_execute_statement
    result = conn.execute(
        statement, params or {}, execution_options=execution_options
    )
  File "/Users/sgl/PycharmProjects/AIchanyejiqun/.venv/lib/python3.14/site-packages/sqlalchemy/engine/base.py", line 1419, in execute
    return meth(
        self,
        distilled_parameters,
        execution_options or NO_OPTIONS,
    )
  File "/Users/sgl/PycharmProjects/AIchanyejiqun/.venv/lib/python3.14/site-packages/sqlalchemy/sql/elements.py", line 527, in _execute_on_connection
    return connection._execute_clauseelement(
           ~~~~~~~~~~~~~~~~~~~~~~~~~~~~~~~~~^
        self, distilled_params, execution_options
        ^^^^^^^^^^^^^^^^^^^^^^^^^^^^^^^^^^^^^^^^^
    )
    ^
  File "/Users/sgl/PycharmProjects/AIchanyejiqun/.venv/lib/python3.14/site-packages/sqlalchemy/engine/base.py", line 1641, in _execute_clauseelement
    ret = self._execute_context(
        dialect,
    ...<8 lines>...
        cache_hit=cache_hit,
    )
  File "/Users/sgl/PycharmProjects/AIchanyejiqun/.venv/lib/python3.14/site-packages/sqlalchemy/engine/base.py", line 1846, in _execute_context
    return self._exec_single_context(
           ~~~~~~~~~~~~~~~~~~~~~~~~~^
        dialect, context, statement, parameters
        ^^^^^^^^^^^^^^^^^^^^^^^^^^^^^^^^^^^^^^^
    )
    ^
  File "/Users/sgl/PycharmProjects/AIchanyejiqun/.venv/lib/python3.14/site-packages/sqlalchemy/engine/base.py", line 1986, in _exec_single_context
    self._handle_dbapi_exception(
    ~~~~~~~~~~~~~~~~~~~~~~~~~~~~^
        e, str_statement, effective_parameters, cursor, context
        ^^^^^^^^^^^^^^^^^^^^^^^^^^^^^^^^^^^^^^^^^^^^^^^^^^^^^^^
    )
    ^
  File "/Users/sgl/PycharmProjects/AIchanyejiqun/.venv/lib/python3.14/site-packages/sqlalchemy/engine/base.py", line 2363, in _handle_dbapi_exception
    raise sqlalchemy_exception.with_traceback(exc_info[2]) from e
  File "/Users/sgl/PycharmProjects/AIchanyejiqun/.venv/lib/python3.14/site-packages/sqlalchemy/engine/base.py", line 1967, in _exec_single_context
    self.dialect.do_execute(
    ~~~~~~~~~~~~~~~~~~~~~~~^
        cursor, str_statement, effective_parameters, context
        ^^^^^^^^^^^^^^^^^^^^^^^^^^^^^^^^^^^^^^^^^^^^^^^^^^^^
    )
    ^
  File "/Users/sgl/PycharmProjects/AIchanyejiqun/.venv/lib/python3.14/site-packages/sqlalchemy/engine/default.py", line 952, in do_execute
    cursor.execute(statement, parameters)
    ~~~~~~~~~~~~~~^^^^^^^^^^^^^^^^^^^^^^^
sqlalchemy.exc.OperationalError: (sqlite3.OperationalError) no such table: account_wallet
[SQL: SELECT account_wallet.id AS account_wallet_id, account_wallet.user_id AS account_wallet_user_id, account_wallet.product_id AS account_wallet_product_id, account_wallet.wallet_type AS account_wallet_wallet_type, account_wallet.available_qty AS account_wallet_available_qty, account_wallet.paid_qty AS account_wallet_paid_qty, account_wallet.free_qty AS account_wallet_free_qty, account_wallet.locked_qty AS account_wallet_locked_qty, account_wallet.total_consumed AS account_wallet_total_consumed, account_wallet.created_at AS account_wallet_created_at, account_wallet.updated_at AS account_wallet_updated_at 
FROM account_wallet 
WHERE account_wallet.user_id = ? AND account_wallet.product_id = ? AND account_wallet.wallet_type = ?
 LIMIT ? OFFSET ?]
[parameters: (1, 3, 'credit', 1, 0)]
(Background on this error at: https://sqlalche.me/e/20/e3q8)
INFO:     127.0.0.1:55444 - "GET /portal/favicon.svg HTTP/1.1" 200 OK
INFO:     127.0.0.1:55515 - "HEAD /water/login.html HTTP/1.1" 200 OK
INFO:     127.0.0.1:55516 - "POST /api/admin/login HTTP/1.1" 200 OK
INFO:     127.0.0.1:56493 - "GET /water/login.html HTTP/1.1" 200 OK
INFO:     127.0.0.1:56493 - "GET /water/vue.global.js HTTP/1.1" 200 OK
INFO:     127.0.0.1:56493 - "GET /favicon.ico HTTP/1.1" 404 Not Found
INFO:     127.0.0.1:56496 - "POST /api/admin/login HTTP/1.1" 200 OK
INFO:     127.0.0.1:56648 - "GET /water/login.html HTTP/1.1" 304 Not Modified
INFO:     127.0.0.1:56648 - "GET /water/login.html HTTP/1.1" 304 Not Modified
INFO:     127.0.0.1:56649 - "POST /api/admin/login HTTP/1.1" 200 OK
INFO:     127.0.0.1:56771 - "GET /.well-known/appspecific/com.chrome.devtools.json HTTP/1.1" 404 Not Found
