
正在挂载静态文件目录...
  FRONTEND_DIR: /Users/sgl/PycharmProjects/AIchanyejiqun/Service_WaterManage/frontend (exists: True)
  PORTAL_DIR: /Users/sgl/PycharmProjects/AIchanyejiqun/portal (exists: True)
  MEETING_FRONTEND_DIR: /Users/sgl/PycharmProjects/AIchanyejiqun/Service_MeetingRoom/frontend (exists: True)
✓ 前端目录已挂载
  - /frontend → 水站前端
  - /water-admin → 水站管理后台
✓ 会议室前端目录已挂载
  - /meeting-frontend → 会议室管理后台
✓ Portal目录已挂载
  - /portal → 系统首页

正在挂载静态文件目录...
  FRONTEND_DIR: /Users/sgl/PycharmProjects/AIchanyejiqun/Service_WaterManage/frontend (exists: True)
  PORTAL_DIR: /Users/sgl/PycharmProjects/AIchanyejiqun/portal (exists: True)
  MEETING_FRONTEND_DIR: /Users/sgl/PycharmProjects/AIchanyejiqun/Service_MeetingRoom/frontend (exists: True)
✓ 前端目录已挂载
  - /frontend → 水站前端
  - /water-admin → 水站管理后台
✓ 会议室前端目录已挂载
  - /meeting-frontend → 会议室管理后台
✓ Portal目录已挂载
  - /portal → 系统首页

正在挂载静态文件目录...
  FRONTEND_DIR: /Users/sgl/PycharmProjects/AIchanyejiqun/Service_WaterManage/frontend (exists: True)
  PORTAL_DIR: /Users/sgl/PycharmProjects/AIchanyejiqun/portal (exists: True)
  MEETING_FRONTEND_DIR: /Users/sgl/PycharmProjects/AIchanyejiqun/Service_MeetingRoom/frontend (exists: True)
✓ 前端目录已挂载
  - /frontend → 水站前端
  - /water-admin → 水站管理后台
✓ 会议室前端目录已挂载
  - /meeting-frontend → 会议室管理后台
✓ Portal目录已挂载
  - /portal → 系统首页

正在挂载静态文件目录...
  FRONTEND_DIR: /Users/sgl/PycharmProjects/AIchanyejiqun/Service_WaterManage/frontend (exists: True)
  PORTAL_DIR: /Users/sgl/PycharmProjects/AIchanyejiqun/portal (exists: True)
  MEETING_FRONTEND_DIR: /Users/sgl/PycharmProjects/AIchanyejiqun/Service_MeetingRoom/frontend (exists: True)
✓ 前端目录已挂载
  - /frontend → 水站前端
  - /water-admin → 水站管理后台
✓ 会议室前端目录已挂载
  - /meeting-frontend → 会议室管理后台
✓ Portal目录已挂载
  - /portal → 系统首页
✅ 会议数据库路径: /Users/sgl/PycharmProjects/AIchanyejiqun/Service_MeetingRoom/backend/meeting.db
✅ 会议审批数据库路径: /Users/sgl/PycharmProjects/AIchanyejiqun/Service_MeetingRoom/backend/meeting.db
INFO:     Started server process [38119]
INFO:     Waiting for application startup.
INFO:     Application startup complete.
INFO:     Uvicorn running on http://0.0.0.0:8000 (Press CTRL+C to quit)
INFO:     127.0.0.1:50294 - "GET /api/v2/settlements/statistics HTTP/1.1" 401 Unauthorized
INFO:     Shutting down
INFO:     Waiting for application shutdown.
INFO:     Application shutdown complete.
INFO:     Finished server process [38119]
