
> portal@2.0.0 dev
> vite

Port 5173 is in use, trying another one...

  VITE v6.4.1  ready in 438 ms

  ➜  Local:   http://localhost:5174/
  ➜  Network: use --host to expose
7:10:24 AM [vite] (client) hmr update /src/views/Login.vue, /src/assets/styles/main.css
8:20:47 AM [vite] (client) page reload index.html
9:06:54 AM [vite] (client) page reload index.html
10:20:22 AM [vite] (client) page reload src/main.js
10:20:22 AM [vite] (client) hmr update /src/views/Login.vue, /src/assets/styles/main.css
10:20:22 AM [vite] (client) hmr update /src/components/ServiceCard.vue, /src/assets/styles/main.css, /src/components/ServiceCard.vue?vue&type=style&index=0&scoped=5c53cc0c&lang.css
10:20:22 AM [vite] (client) page reload tailwind.config.js
10:20:22 AM [vite] (client) hmr update /src/views/Home.vue, /src/assets/styles/main.css
10:20:22 AM [vite] (client) page reload src/router/index.js
10:20:22 AM [vite] (client) page reload src/stores/user.js
10:20:22 AM [vite] (client) hmr update /src/assets/styles/main.css
10:20:22 AM [vite] (client) hmr update /src/App.vue
10:20:22 AM [vite] vite.config.js changed, restarting server...
10:20:23 AM [vite] server restarted.
